2025/04/07 13:45:19 [notice] 1#1: using the "epoll" event method
2025/04/07 13:45:19 [notice] 1#1: nginx/1.27.4
2025/04/07 13:45:19 [notice] 1#1: built by gcc 14.2.0 (Alpine 14.2.0) 
2025/04/07 13:45:19 [notice] 1#1: OS: Linux 6.8.0-57-generic
2025/04/07 13:45:19 [notice] 1#1: getrlimit(RLIMIT_NOFILE): 1048576:1048576
2025/04/07 13:45:19 [notice] 1#1: start worker processes
2025/04/07 13:45:19 [notice] 1#1: start worker process 20
2025/04/07 13:45:19 [notice] 1#1: start worker process 21
2025/04/07 13:45:19 [notice] 1#1: start worker process 22
2025/04/07 13:45:19 [notice] 1#1: start worker process 23
2025/04/07 13:45:19 [notice] 1#1: start worker process 24
2025/04/07 13:45:19 [notice] 1#1: start worker process 25
2025/04/07 13:45:19 [notice] 1#1: start worker process 26
2025/04/07 13:45:19 [notice] 1#1: start worker process 27
2025/04/07 13:45:19 [notice] 1#1: start worker process 28
2025/04/07 13:45:19 [notice] 1#1: start worker process 29
2025/04/07 13:45:19 [notice] 1#1: start worker process 30
2025/04/07 13:45:19 [notice] 1#1: start worker process 31
2025/04/07 13:45:19 [notice] 1#1: start worker process 32
2025/04/07 13:45:19 [notice] 1#1: start worker process 33
2025/04/07 13:45:19 [notice] 1#1: start worker process 34
2025/04/07 13:45:19 [notice] 1#1: start worker process 35
2025/04/07 13:45:57 [notice] 1#1: signal 3 (SIGQUIT) received, shutting down
2025/04/07 13:45:57 [notice] 20#20: gracefully shutting down
2025/04/07 13:45:57 [notice] 21#21: gracefully shutting down
2025/04/07 13:45:57 [notice] 22#22: gracefully shutting down
2025/04/07 13:45:57 [notice] 23#23: gracefully shutting down
2025/04/07 13:45:57 [notice] 24#24: gracefully shutting down
2025/04/07 13:45:57 [notice] 25#25: gracefully shutting down
2025/04/07 13:45:57 [notice] 20#20: exiting
2025/04/07 13:45:57 [notice] 27#27: gracefully shutting down
2025/04/07 13:45:57 [notice] 26#26: gracefully shutting down
2025/04/07 13:45:57 [notice] 21#21: exiting
2025/04/07 13:45:57 [notice] 28#28: gracefully shutting down
2025/04/07 13:45:57 [notice] 22#22: exiting
2025/04/07 13:45:57 [notice] 29#29: gracefully shutting down
2025/04/07 13:45:57 [notice] 23#23: exiting
2025/04/07 13:45:57 [notice] 30#30: gracefully shutting down
2025/04/07 13:45:57 [notice] 24#24: exiting
2025/04/07 13:45:57 [notice] 31#31: gracefully shutting down
2025/04/07 13:45:57 [notice] 25#25: exiting
2025/04/07 13:45:57 [notice] 27#27: exiting
2025/04/07 13:45:57 [notice] 32#32: gracefully shutting down
2025/04/07 13:45:57 [notice] 34#34: gracefully shutting down
2025/04/07 13:45:57 [notice] 26#26: exiting
2025/04/07 13:45:57 [notice] 28#28: exiting
2025/04/07 13:45:57 [notice] 29#29: exiting
2025/04/07 13:45:57 [notice] 30#30: exiting
2025/04/07 13:45:57 [notice] 31#31: exiting
2025/04/07 13:45:57 [notice] 32#32: exiting
2025/04/07 13:45:57 [notice] 34#34: exiting
2025/04/07 13:45:57 [notice] 20#20: exit
2025/04/07 13:45:57 [notice] 21#21: exit
2025/04/07 13:45:57 [notice] 24#24: exit
2025/04/07 13:45:57 [notice] 22#22: exit
2025/04/07 13:45:57 [notice] 23#23: exit
2025/04/07 13:45:57 [notice] 28#28: exit
2025/04/07 13:45:57 [notice] 27#27: exit
2025/04/07 13:45:57 [notice] 25#25: exit
2025/04/07 13:45:57 [notice] 29#29: exit
2025/04/07 13:45:57 [notice] 26#26: exit
2025/04/07 13:45:57 [notice] 31#31: exit
2025/04/07 13:45:57 [notice] 34#34: exit
2025/04/07 13:45:57 [notice] 30#30: exit
2025/04/07 13:45:57 [notice] 32#32: exit
2025/04/07 13:45:57 [notice] 33#33: gracefully shutting down
2025/04/07 13:45:57 [notice] 33#33: exiting
2025/04/07 13:45:57 [notice] 35#35: gracefully shutting down
2025/04/07 13:45:57 [notice] 35#35: exiting
2025/04/07 13:45:57 [notice] 33#33: exit
2025/04/07 13:45:57 [notice] 35#35: exit
2025/04/07 13:45:57 [notice] 1#1: signal 17 (SIGCHLD) received from 28
2025/04/07 13:45:57 [notice] 1#1: worker process 28 exited with code 0
2025/04/07 13:45:57 [notice] 1#1: worker process 25 exited with code 0
2025/04/07 13:45:57 [notice] 1#1: worker process 26 exited with code 0
2025/04/07 13:45:57 [notice] 1#1: worker process 30 exited with code 0
2025/04/07 13:45:57 [notice] 1#1: worker process 32 exited with code 0
2025/04/07 13:45:57 [notice] 1#1: signal 29 (SIGIO) received
2025/04/07 13:45:57 [notice] 1#1: signal 17 (SIGCHLD) received from 30
2025/04/07 13:45:57 [notice] 1#1: signal 17 (SIGCHLD) received from 34
2025/04/07 13:45:57 [notice] 1#1: worker process 34 exited with code 0
2025/04/07 13:45:57 [notice] 1#1: signal 29 (SIGIO) received
2025/04/07 13:45:57 [notice] 1#1: signal 17 (SIGCHLD) received from 31
2025/04/07 13:45:57 [notice] 1#1: worker process 31 exited with code 0
2025/04/07 13:45:57 [notice] 1#1: worker process 35 exited with code 0
2025/04/07 13:45:57 [notice] 1#1: signal 29 (SIGIO) received
2025/04/07 13:45:57 [notice] 1#1: signal 17 (SIGCHLD) received from 35
2025/04/07 13:45:57 [notice] 1#1: signal 17 (SIGCHLD) received from 20
2025/04/07 13:45:57 [notice] 1#1: worker process 20 exited with code 0
2025/04/07 13:45:57 [notice] 1#1: worker process 21 exited with code 0
2025/04/07 13:45:57 [notice] 1#1: worker process 24 exited with code 0
2025/04/07 13:45:57 [notice] 1#1: worker process 27 exited with code 0
2025/04/07 13:45:57 [notice] 1#1: worker process 22 exited with code 0
2025/04/07 13:45:57 [notice] 1#1: signal 29 (SIGIO) received
2025/04/07 13:45:57 [notice] 1#1: signal 17 (SIGCHLD) received from 21
2025/04/07 13:45:57 [notice] 1#1: signal 17 (SIGCHLD) received from 23
2025/04/07 13:45:57 [notice] 1#1: worker process 23 exited with code 0
2025/04/07 13:45:57 [notice] 1#1: worker process 33 exited with code 0
2025/04/07 13:45:57 [notice] 1#1: signal 29 (SIGIO) received
2025/04/07 13:45:57 [notice] 1#1: signal 17 (SIGCHLD) received from 29
2025/04/07 13:45:57 [notice] 1#1: worker process 29 exited with code 0
2025/04/07 13:45:57 [notice] 1#1: exit
2025/04/07 13:46:20 [notice] 1#1: using the "epoll" event method
2025/04/07 13:46:20 [notice] 1#1: nginx/1.27.4
2025/04/07 13:46:20 [notice] 1#1: built by gcc 14.2.0 (Alpine 14.2.0) 
2025/04/07 13:46:20 [notice] 1#1: OS: Linux 6.8.0-57-generic
2025/04/07 13:46:20 [notice] 1#1: getrlimit(RLIMIT_NOFILE): 1048576:1048576
2025/04/07 13:46:20 [notice] 1#1: start worker processes
2025/04/07 13:46:20 [notice] 1#1: start worker process 20
2025/04/07 13:46:20 [notice] 1#1: start worker process 21
2025/04/07 13:46:20 [notice] 1#1: start worker process 22
2025/04/07 13:46:20 [notice] 1#1: start worker process 23
2025/04/07 13:46:20 [notice] 1#1: start worker process 24
2025/04/07 13:46:20 [notice] 1#1: start worker process 25
2025/04/07 13:46:20 [notice] 1#1: start worker process 26
2025/04/07 13:46:20 [notice] 1#1: start worker process 27
2025/04/07 13:46:20 [notice] 1#1: start worker process 28
2025/04/07 13:46:20 [notice] 1#1: start worker process 29
2025/04/07 13:46:20 [notice] 1#1: start worker process 30
2025/04/07 13:46:20 [notice] 1#1: start worker process 31
2025/04/07 13:46:20 [notice] 1#1: start worker process 32
2025/04/07 13:46:20 [notice] 1#1: start worker process 33
2025/04/07 13:46:20 [notice] 1#1: start worker process 34
2025/04/07 13:46:20 [notice] 1#1: start worker process 35
2025/04/07 13:46:56 [notice] 48#48: signal process started
2025/04/07 13:46:56 [notice] 1#1: signal 1 (SIGHUP) received from 48, reconfiguring
2025/04/07 13:46:56 [notice] 1#1: reconfiguring
2025/04/07 13:46:56 [notice] 1#1: using the "epoll" event method
2025/04/07 13:46:56 [notice] 1#1: start worker processes
2025/04/07 13:46:56 [notice] 1#1: start worker process 54
2025/04/07 13:46:56 [notice] 1#1: start worker process 55
2025/04/07 13:46:56 [notice] 1#1: start worker process 56
2025/04/07 13:46:56 [notice] 1#1: start worker process 57
2025/04/07 13:46:56 [notice] 1#1: start worker process 58
2025/04/07 13:46:56 [notice] 1#1: start worker process 59
2025/04/07 13:46:56 [notice] 1#1: start worker process 60
2025/04/07 13:46:56 [notice] 1#1: start worker process 61
2025/04/07 13:46:56 [notice] 1#1: start worker process 62
2025/04/07 13:46:56 [notice] 1#1: start worker process 63
2025/04/07 13:46:56 [notice] 1#1: start worker process 64
2025/04/07 13:46:56 [notice] 1#1: start worker process 65
2025/04/07 13:46:56 [notice] 1#1: start worker process 66
2025/04/07 13:46:56 [notice] 1#1: start worker process 67
2025/04/07 13:46:56 [notice] 1#1: start worker process 68
2025/04/07 13:46:56 [notice] 1#1: start worker process 69
2025/04/07 13:46:56 [notice] 20#20: gracefully shutting down
2025/04/07 13:46:56 [notice] 23#23: gracefully shutting down
2025/04/07 13:46:56 [notice] 25#25: gracefully shutting down
2025/04/07 13:46:56 [notice] 29#29: gracefully shutting down
2025/04/07 13:46:56 [notice] 21#21: gracefully shutting down
2025/04/07 13:46:56 [notice] 22#22: gracefully shutting down
2025/04/07 13:46:56 [notice] 28#28: gracefully shutting down
2025/04/07 13:46:56 [notice] 25#25: exiting
2025/04/07 13:46:56 [notice] 27#27: gracefully shutting down
2025/04/07 13:46:56 [notice] 20#20: exiting
2025/04/07 13:46:56 [notice] 23#23: exiting
2025/04/07 13:46:56 [notice] 24#24: gracefully shutting down
2025/04/07 13:46:56 [notice] 28#28: exiting
2025/04/07 13:46:56 [notice] 29#29: exiting
2025/04/07 13:46:56 [notice] 31#31: gracefully shutting down
2025/04/07 13:46:56 [notice] 26#26: gracefully shutting down
2025/04/07 13:46:56 [notice] 30#30: gracefully shutting down
2025/04/07 13:46:56 [notice] 21#21: exiting
2025/04/07 13:46:56 [notice] 22#22: exiting
2025/04/07 13:46:56 [notice] 32#32: gracefully shutting down
2025/04/07 13:46:56 [notice] 34#34: gracefully shutting down
2025/04/07 13:46:56 [notice] 27#27: exiting
2025/04/07 13:46:56 [notice] 24#24: exiting
2025/04/07 13:46:56 [notice] 31#31: exiting
2025/04/07 13:46:56 [notice] 26#26: exiting
2025/04/07 13:46:56 [notice] 30#30: exiting
2025/04/07 13:46:56 [notice] 34#34: exiting
2025/04/07 13:46:56 [notice] 32#32: exiting
2025/04/07 13:46:56 [notice] 29#29: exit
2025/04/07 13:46:56 [notice] 34#34: exit
2025/04/07 13:46:56 [notice] 31#31: exit
2025/04/07 13:46:56 [notice] 20#20: exit
2025/04/07 13:46:56 [notice] 25#25: exit
2025/04/07 13:46:56 [notice] 23#23: exit
2025/04/07 13:46:56 [notice] 22#22: exit
2025/04/07 13:46:56 [notice] 28#28: exit
2025/04/07 13:46:56 [notice] 32#32: exit
2025/04/07 13:46:56 [notice] 26#26: exit
2025/04/07 13:46:56 [notice] 21#21: exit
2025/04/07 13:46:56 [notice] 30#30: exit
2025/04/07 13:46:56 [notice] 24#24: exit
2025/04/07 13:46:56 [notice] 27#27: exit
2025/04/07 13:46:56 [notice] 35#35: gracefully shutting down
2025/04/07 13:46:56 [notice] 35#35: exiting
2025/04/07 13:46:56 [notice] 35#35: exit
2025/04/07 13:46:56 [notice] 33#33: gracefully shutting down
2025/04/07 13:46:56 [notice] 33#33: exiting
2025/04/07 13:46:56 [notice] 33#33: exit
2025/04/07 13:46:56 [notice] 1#1: signal 17 (SIGCHLD) received from 21
2025/04/07 13:46:56 [notice] 1#1: worker process 21 exited with code 0
2025/04/07 13:46:56 [notice] 1#1: worker process 23 exited with code 0
2025/04/07 13:46:56 [notice] 1#1: signal 29 (SIGIO) received
2025/04/07 13:46:56 [notice] 1#1: signal 17 (SIGCHLD) received from 26
2025/04/07 13:46:56 [notice] 1#1: worker process 26 exited with code 0
2025/04/07 13:46:56 [notice] 1#1: worker process 27 exited with code 0
2025/04/07 13:46:56 [notice] 1#1: signal 29 (SIGIO) received
2025/04/07 13:46:56 [notice] 1#1: signal 17 (SIGCHLD) received from 34
2025/04/07 13:46:56 [notice] 1#1: worker process 29 exited with code 0
2025/04/07 13:46:56 [notice] 1#1: worker process 34 exited with code 0
2025/04/07 13:46:56 [notice] 1#1: signal 29 (SIGIO) received
2025/04/07 13:46:56 [notice] 1#1: signal 17 (SIGCHLD) received from 29
2025/04/07 13:46:56 [notice] 1#1: signal 17 (SIGCHLD) received from 31
2025/04/07 13:46:56 [notice] 1#1: worker process 31 exited with code 0
2025/04/07 13:46:56 [notice] 1#1: signal 29 (SIGIO) received
2025/04/07 13:46:56 [notice] 1#1: signal 17 (SIGCHLD) received from 32
2025/04/07 13:46:56 [notice] 1#1: worker process 32 exited with code 0
2025/04/07 13:46:56 [notice] 1#1: signal 29 (SIGIO) received
2025/04/07 13:46:56 [notice] 1#1: signal 17 (SIGCHLD) received from 35
2025/04/07 13:46:56 [notice] 1#1: worker process 35 exited with code 0
2025/04/07 13:46:56 [notice] 1#1: signal 29 (SIGIO) received
2025/04/07 13:46:56 [notice] 1#1: signal 17 (SIGCHLD) received from 28
2025/04/07 13:46:56 [notice] 1#1: worker process 28 exited with code 0
2025/04/07 13:46:56 [notice] 1#1: signal 29 (SIGIO) received
2025/04/07 13:46:56 [notice] 1#1: signal 17 (SIGCHLD) received from 22
2025/04/07 13:46:56 [notice] 1#1: worker process 22 exited with code 0
2025/04/07 13:46:56 [notice] 1#1: signal 29 (SIGIO) received
2025/04/07 13:46:56 [notice] 1#1: signal 17 (SIGCHLD) received from 33
2025/04/07 13:46:56 [notice] 1#1: worker process 25 exited with code 0
2025/04/07 13:46:56 [notice] 1#1: worker process 30 exited with code 0
2025/04/07 13:46:56 [notice] 1#1: worker process 33 exited with code 0
2025/04/07 13:46:56 [notice] 1#1: signal 29 (SIGIO) received
2025/04/07 13:46:56 [notice] 1#1: signal 17 (SIGCHLD) received from 20
2025/04/07 13:46:56 [notice] 1#1: worker process 20 exited with code 0
2025/04/07 13:46:56 [notice] 1#1: signal 29 (SIGIO) received
2025/04/07 13:46:56 [notice] 1#1: signal 17 (SIGCHLD) received from 24
2025/04/07 13:46:56 [notice] 1#1: worker process 24 exited with code 0
2025/04/07 13:46:56 [notice] 1#1: signal 29 (SIGIO) received
2025/04/07 14:09:23 [notice] 1#1: signal 3 (SIGQUIT) received, shutting down
2025/04/07 14:09:23 [notice] 56#56: gracefully shutting down
2025/04/07 14:09:23 [notice] 54#54: gracefully shutting down
2025/04/07 14:09:23 [notice] 55#55: gracefully shutting down
2025/04/07 14:09:23 [notice] 59#59: gracefully shutting down
2025/04/07 14:09:23 [notice] 60#60: gracefully shutting down
2025/04/07 14:09:23 [notice] 62#62: gracefully shutting down
2025/04/07 14:09:23 [notice] 57#57: gracefully shutting down
2025/04/07 14:09:23 [notice] 58#58: gracefully shutting down
2025/04/07 14:09:23 [notice] 63#63: gracefully shutting down
2025/04/07 14:09:23 [notice] 61#61: gracefully shutting down
2025/04/07 14:09:23 [notice] 66#66: gracefully shutting down
2025/04/07 14:09:23 [notice] 64#64: gracefully shutting down
2025/04/07 14:09:23 [notice] 54#54: exiting
2025/04/07 14:09:23 [notice] 65#65: gracefully shutting down
2025/04/07 14:09:23 [notice] 67#67: gracefully shutting down
2025/04/07 14:09:23 [notice] 55#55: exiting
2025/04/07 14:09:23 [notice] 59#59: exiting
2025/04/07 14:09:23 [notice] 60#60: exiting
2025/04/07 14:09:23 [notice] 62#62: exiting
2025/04/07 14:09:23 [notice] 57#57: exiting
2025/04/07 14:09:23 [notice] 63#63: exiting
2025/04/07 14:09:23 [notice] 58#58: exiting
2025/04/07 14:09:23 [notice] 66#66: exiting
2025/04/07 14:09:23 [notice] 61#61: exiting
2025/04/07 14:09:23 [notice] 64#64: exiting
2025/04/07 14:09:23 [notice] 67#67: exiting
2025/04/07 14:09:23 [notice] 65#65: exiting
2025/04/07 14:09:23 [notice] 56#56: exiting
2025/04/07 14:09:23 [notice] 63#63: exit
2025/04/07 14:09:23 [notice] 59#59: exit
2025/04/07 14:09:23 [notice] 66#66: exit
2025/04/07 14:09:23 [notice] 60#60: exit
2025/04/07 14:09:23 [notice] 62#62: exit
2025/04/07 14:09:23 [notice] 55#55: exit
2025/04/07 14:09:23 [notice] 54#54: exit
2025/04/07 14:09:23 [notice] 57#57: exit
2025/04/07 14:09:23 [notice] 58#58: exit
2025/04/07 14:09:23 [notice] 61#61: exit
2025/04/07 14:09:23 [notice] 64#64: exit
2025/04/07 14:09:23 [notice] 67#67: exit
2025/04/07 14:09:23 [notice] 56#56: exit
2025/04/07 14:09:23 [notice] 65#65: exit
2025/04/07 14:09:23 [notice] 69#69: gracefully shutting down
2025/04/07 14:09:23 [notice] 69#69: exiting
2025/04/07 14:09:23 [notice] 69#69: exit
2025/04/07 14:09:23 [notice] 68#68: gracefully shutting down
2025/04/07 14:09:23 [notice] 68#68: exiting
2025/04/07 14:09:23 [notice] 68#68: exit
2025/04/07 14:09:23 [notice] 1#1: signal 17 (SIGCHLD) received from 67
2025/04/07 14:09:23 [notice] 1#1: worker process 56 exited with code 0
2025/04/07 14:09:23 [notice] 1#1: worker process 57 exited with code 0
2025/04/07 14:09:23 [notice] 1#1: worker process 58 exited with code 0
2025/04/07 14:09:23 [notice] 1#1: worker process 61 exited with code 0
2025/04/07 14:09:23 [notice] 1#1: worker process 67 exited with code 0
2025/04/07 14:09:23 [notice] 1#1: signal 29 (SIGIO) received
2025/04/07 14:09:23 [notice] 1#1: signal 17 (SIGCHLD) received from 57
2025/04/07 14:09:23 [notice] 1#1: signal 17 (SIGCHLD) received from 63
2025/04/07 14:09:23 [notice] 1#1: worker process 63 exited with code 0
2025/04/07 14:09:23 [notice] 1#1: signal 29 (SIGIO) received
2025/04/07 14:09:23 [notice] 1#1: signal 17 (SIGCHLD) received from 54
2025/04/07 14:09:23 [notice] 1#1: worker process 54 exited with code 0
2025/04/07 14:09:23 [notice] 1#1: worker process 65 exited with code 0
2025/04/07 14:09:23 [notice] 1#1: signal 29 (SIGIO) received
2025/04/07 14:09:23 [notice] 1#1: signal 17 (SIGCHLD) received from 59
2025/04/07 14:09:23 [notice] 1#1: worker process 59 exited with code 0
2025/04/07 14:09:23 [notice] 1#1: worker process 69 exited with code 0
2025/04/07 14:09:23 [notice] 1#1: signal 29 (SIGIO) received
2025/04/07 14:09:23 [notice] 1#1: signal 17 (SIGCHLD) received from 60
2025/04/07 14:09:23 [notice] 1#1: worker process 60 exited with code 0
2025/04/07 14:09:23 [notice] 1#1: signal 29 (SIGIO) received
2025/04/07 14:09:23 [notice] 1#1: signal 17 (SIGCHLD) received from 55
2025/04/07 14:09:23 [notice] 1#1: worker process 55 exited with code 0
2025/04/07 14:09:23 [notice] 1#1: signal 29 (SIGIO) received
2025/04/07 14:09:23 [notice] 1#1: signal 17 (SIGCHLD) received from 62
2025/04/07 14:09:23 [notice] 1#1: worker process 62 exited with code 0
2025/04/07 14:09:23 [notice] 1#1: signal 29 (SIGIO) received
2025/04/07 14:09:23 [notice] 1#1: signal 17 (SIGCHLD) received from 68
2025/04/07 14:09:23 [notice] 1#1: worker process 68 exited with code 0
2025/04/07 14:09:23 [notice] 1#1: worker process 66 exited with code 0
2025/04/07 14:09:23 [notice] 1#1: signal 29 (SIGIO) received
2025/04/07 14:09:23 [notice] 1#1: signal 17 (SIGCHLD) received from 66
2025/04/07 14:09:23 [notice] 1#1: signal 17 (SIGCHLD) received from 64
2025/04/07 14:09:23 [notice] 1#1: worker process 64 exited with code 0
2025/04/07 14:09:23 [notice] 1#1: exit
2025/04/07 14:09:24 [notice] 1#1: using the "epoll" event method
2025/04/07 14:09:24 [notice] 1#1: nginx/1.27.4
2025/04/07 14:09:24 [notice] 1#1: built by gcc 14.2.0 (Alpine 14.2.0) 
2025/04/07 14:09:24 [notice] 1#1: OS: Linux 6.8.0-57-generic
2025/04/07 14:09:24 [notice] 1#1: getrlimit(RLIMIT_NOFILE): 1048576:1048576
2025/04/07 14:09:24 [notice] 1#1: start worker processes
2025/04/07 14:09:24 [notice] 1#1: start worker process 29
2025/04/07 14:09:24 [notice] 1#1: start worker process 30
2025/04/07 14:09:24 [notice] 1#1: start worker process 31
2025/04/07 14:09:24 [notice] 1#1: start worker process 32
2025/04/07 14:09:24 [notice] 1#1: start worker process 33
2025/04/07 14:09:24 [notice] 1#1: start worker process 34
2025/04/07 14:09:24 [notice] 1#1: start worker process 35
2025/04/07 14:09:24 [notice] 1#1: start worker process 36
2025/04/07 14:09:24 [notice] 1#1: start worker process 37
2025/04/07 14:09:24 [notice] 1#1: start worker process 38
2025/04/07 14:09:24 [notice] 1#1: start worker process 39
2025/04/07 14:09:24 [notice] 1#1: start worker process 40
2025/04/07 14:09:24 [notice] 1#1: start worker process 41
2025/04/07 14:09:24 [notice] 1#1: start worker process 42
2025/04/07 14:09:24 [notice] 1#1: start worker process 43
2025/04/07 14:09:24 [notice] 1#1: start worker process 44
2025/04/07 14:10:35 [notice] 1#1: signal 3 (SIGQUIT) received, shutting down
2025/04/07 14:10:35 [notice] 29#29: gracefully shutting down
2025/04/07 14:10:35 [notice] 32#32: gracefully shutting down
2025/04/07 14:10:35 [notice] 31#31: gracefully shutting down
2025/04/07 14:10:35 [notice] 30#30: gracefully shutting down
2025/04/07 14:10:35 [notice] 34#34: gracefully shutting down
2025/04/07 14:10:35 [notice] 33#33: gracefully shutting down
2025/04/07 14:10:35 [notice] 35#35: gracefully shutting down
2025/04/07 14:10:35 [notice] 36#36: gracefully shutting down
2025/04/07 14:10:35 [notice] 37#37: gracefully shutting down
2025/04/07 14:10:35 [notice] 29#29: exiting
2025/04/07 14:10:35 [notice] 32#32: exiting
2025/04/07 14:10:35 [notice] 39#39: gracefully shutting down
2025/04/07 14:10:35 [notice] 31#31: exiting
2025/04/07 14:10:35 [notice] 40#40: gracefully shutting down
2025/04/07 14:10:35 [notice] 38#38: gracefully shutting down
2025/04/07 14:10:35 [notice] 30#30: exiting
2025/04/07 14:10:35 [notice] 34#34: exiting
2025/04/07 14:10:35 [notice] 43#43: gracefully shutting down
2025/04/07 14:10:35 [notice] 33#33: exiting
2025/04/07 14:10:35 [notice] 41#41: gracefully shutting down
2025/04/07 14:10:35 [notice] 35#35: exiting
2025/04/07 14:10:35 [notice] 36#36: exiting
2025/04/07 14:10:35 [notice] 37#37: exiting
2025/04/07 14:10:35 [notice] 39#39: exiting
2025/04/07 14:10:35 [notice] 40#40: exiting
2025/04/07 14:10:35 [notice] 38#38: exiting
2025/04/07 14:10:35 [notice] 43#43: exiting
2025/04/07 14:10:35 [notice] 41#41: exiting
2025/04/07 14:10:35 [notice] 29#29: exit
2025/04/07 14:10:35 [notice] 31#31: exit
2025/04/07 14:10:35 [notice] 32#32: exit
2025/04/07 14:10:35 [notice] 36#36: exit
2025/04/07 14:10:35 [notice] 34#34: exit
2025/04/07 14:10:35 [notice] 35#35: exit
2025/04/07 14:10:35 [notice] 39#39: exit
2025/04/07 14:10:35 [notice] 37#37: exit
2025/04/07 14:10:35 [notice] 40#40: exit
2025/04/07 14:10:35 [notice] 33#33: exit
2025/04/07 14:10:35 [notice] 43#43: exit
2025/04/07 14:10:35 [notice] 41#41: exit
2025/04/07 14:10:35 [notice] 30#30: exit
2025/04/07 14:10:35 [notice] 38#38: exit
2025/04/07 14:10:35 [notice] 44#44: gracefully shutting down
2025/04/07 14:10:35 [notice] 42#42: gracefully shutting down
2025/04/07 14:10:35 [notice] 44#44: exiting
2025/04/07 14:10:35 [notice] 42#42: exiting
2025/04/07 14:10:35 [notice] 44#44: exit
2025/04/07 14:10:35 [notice] 42#42: exit
2025/04/07 14:10:35 [notice] 1#1: signal 17 (SIGCHLD) received from 34
2025/04/07 14:10:35 [notice] 1#1: worker process 34 exited with code 0
2025/04/07 14:10:35 [notice] 1#1: worker process 35 exited with code 0
2025/04/07 14:10:35 [notice] 1#1: signal 29 (SIGIO) received
2025/04/07 14:10:35 [notice] 1#1: signal 17 (SIGCHLD) received from 33
2025/04/07 14:10:35 [notice] 1#1: worker process 33 exited with code 0
2025/04/07 14:10:35 [notice] 1#1: signal 29 (SIGIO) received
2025/04/07 14:10:35 [notice] 1#1: signal 17 (SIGCHLD) received from 39
2025/04/07 14:10:35 [notice] 1#1: worker process 32 exited with code 0
2025/04/07 14:10:35 [notice] 1#1: worker process 39 exited with code 0
2025/04/07 14:10:35 [notice] 1#1: worker process 42 exited with code 0
2025/04/07 14:10:35 [notice] 1#1: signal 29 (SIGIO) received
2025/04/07 14:10:35 [notice] 1#1: signal 17 (SIGCHLD) received from 29
2025/04/07 14:10:35 [notice] 1#1: worker process 29 exited with code 0
2025/04/07 14:10:35 [notice] 1#1: signal 29 (SIGIO) received
2025/04/07 14:10:35 [notice] 1#1: signal 17 (SIGCHLD) received from 31
2025/04/07 14:10:35 [notice] 1#1: worker process 31 exited with code 0
2025/04/07 14:10:35 [notice] 1#1: signal 29 (SIGIO) received
2025/04/07 14:10:35 [notice] 1#1: signal 17 (SIGCHLD) received from 30
2025/04/07 14:10:35 [notice] 1#1: worker process 30 exited with code 0
2025/04/07 14:10:35 [notice] 1#1: signal 29 (SIGIO) received
2025/04/07 14:10:35 [notice] 1#1: signal 17 (SIGCHLD) received from 36
2025/04/07 14:10:35 [notice] 1#1: worker process 36 exited with code 0
2025/04/07 14:10:35 [notice] 1#1: signal 29 (SIGIO) received
2025/04/07 14:10:35 [notice] 1#1: signal 17 (SIGCHLD) received from 41
2025/04/07 14:10:35 [notice] 1#1: worker process 41 exited with code 0
2025/04/07 14:10:35 [notice] 1#1: signal 29 (SIGIO) received
2025/04/07 14:10:35 [notice] 1#1: signal 17 (SIGCHLD) received from 44
2025/04/07 14:10:35 [notice] 1#1: worker process 44 exited with code 0
2025/04/07 14:10:35 [notice] 1#1: signal 29 (SIGIO) received
2025/04/07 14:10:35 [notice] 1#1: signal 17 (SIGCHLD) received from 37
2025/04/07 14:10:35 [notice] 1#1: worker process 37 exited with code 0
2025/04/07 14:10:35 [notice] 1#1: signal 29 (SIGIO) received
2025/04/07 14:10:35 [notice] 1#1: signal 17 (SIGCHLD) received from 43
2025/04/07 14:10:35 [notice] 1#1: worker process 43 exited with code 0
2025/04/07 14:10:35 [notice] 1#1: signal 29 (SIGIO) received
2025/04/07 14:10:35 [notice] 1#1: signal 17 (SIGCHLD) received from 40
2025/04/07 14:10:35 [notice] 1#1: worker process 40 exited with code 0
2025/04/07 14:10:35 [notice] 1#1: signal 29 (SIGIO) received
2025/04/07 14:10:35 [notice] 1#1: signal 17 (SIGCHLD) received from 38
2025/04/07 14:10:35 [notice] 1#1: worker process 38 exited with code 0
2025/04/07 14:10:35 [notice] 1#1: exit
2025/04/07 14:10:36 [notice] 1#1: using the "epoll" event method
2025/04/07 14:10:36 [notice] 1#1: nginx/1.27.4
2025/04/07 14:10:36 [notice] 1#1: built by gcc 14.2.0 (Alpine 14.2.0) 
2025/04/07 14:10:36 [notice] 1#1: OS: Linux 6.8.0-57-generic
2025/04/07 14:10:36 [notice] 1#1: getrlimit(RLIMIT_NOFILE): 1048576:1048576
2025/04/07 14:10:36 [notice] 1#1: start worker processes
2025/04/07 14:10:36 [notice] 1#1: start worker process 29
2025/04/07 14:10:36 [notice] 1#1: start worker process 30
2025/04/07 14:10:36 [notice] 1#1: start worker process 31
2025/04/07 14:10:36 [notice] 1#1: start worker process 32
2025/04/07 14:10:36 [notice] 1#1: start worker process 33
2025/04/07 14:10:36 [notice] 1#1: start worker process 34
2025/04/07 14:10:36 [notice] 1#1: start worker process 35
2025/04/07 14:10:36 [notice] 1#1: start worker process 36
2025/04/07 14:10:36 [notice] 1#1: start worker process 37
2025/04/07 14:10:36 [notice] 1#1: start worker process 38
2025/04/07 14:10:36 [notice] 1#1: start worker process 39
2025/04/07 14:10:36 [notice] 1#1: start worker process 40
2025/04/07 14:10:36 [notice] 1#1: start worker process 41
2025/04/07 14:10:36 [notice] 1#1: start worker process 42
2025/04/07 14:10:36 [notice] 1#1: start worker process 43
2025/04/07 14:10:36 [notice] 1#1: start worker process 44
2025/04/07 14:11:32 [notice] 1#1: signal 3 (SIGQUIT) received, shutting down
2025/04/07 14:11:32 [notice] 29#29: gracefully shutting down
2025/04/07 14:11:32 [notice] 30#30: gracefully shutting down
2025/04/07 14:11:32 [notice] 32#32: gracefully shutting down
2025/04/07 14:11:32 [notice] 33#33: gracefully shutting down
2025/04/07 14:11:32 [notice] 31#31: gracefully shutting down
2025/04/07 14:11:32 [notice] 30#30: exiting
2025/04/07 14:11:32 [notice] 29#29: exiting
2025/04/07 14:11:32 [notice] 34#34: gracefully shutting down
2025/04/07 14:11:32 [notice] 36#36: gracefully shutting down
2025/04/07 14:11:32 [notice] 32#32: exiting
2025/04/07 14:11:32 [notice] 37#37: gracefully shutting down
2025/04/07 14:11:32 [notice] 33#33: exiting
2025/04/07 14:11:32 [notice] 31#31: exiting
2025/04/07 14:11:32 [notice] 39#39: gracefully shutting down
2025/04/07 14:11:32 [notice] 34#34: exiting
2025/04/07 14:11:32 [notice] 36#36: exiting
2025/04/07 14:11:32 [notice] 37#37: exiting
2025/04/07 14:11:32 [notice] 43#43: gracefully shutting down
2025/04/07 14:11:32 [notice] 42#42: gracefully shutting down
2025/04/07 14:11:32 [notice] 38#38: gracefully shutting down
2025/04/07 14:11:32 [notice] 39#39: exiting
2025/04/07 14:11:32 [notice] 43#43: exiting
2025/04/07 14:11:32 [notice] 42#42: exiting
2025/04/07 14:11:32 [notice] 38#38: exiting
2025/04/07 14:11:32 [notice] 40#40: gracefully shutting down
2025/04/07 14:11:32 [notice] 40#40: exiting
2025/04/07 14:11:32 [notice] 29#29: exit
2025/04/07 14:11:32 [notice] 30#30: exit
2025/04/07 14:11:32 [notice] 32#32: exit
2025/04/07 14:11:32 [notice] 33#33: exit
2025/04/07 14:11:32 [notice] 37#37: exit
2025/04/07 14:11:32 [notice] 31#31: exit
2025/04/07 14:11:32 [notice] 36#36: exit
2025/04/07 14:11:32 [notice] 38#38: exit
2025/04/07 14:11:32 [notice] 34#34: exit
2025/04/07 14:11:32 [notice] 39#39: exit
2025/04/07 14:11:32 [notice] 43#43: exit
2025/04/07 14:11:32 [notice] 42#42: exit
2025/04/07 14:11:32 [notice] 35#35: gracefully shutting down
2025/04/07 14:11:32 [notice] 35#35: exiting
2025/04/07 14:11:32 [notice] 40#40: exit
2025/04/07 14:11:32 [notice] 35#35: exit
2025/04/07 14:11:32 [notice] 41#41: gracefully shutting down
2025/04/07 14:11:32 [notice] 41#41: exiting
2025/04/07 14:11:32 [notice] 44#44: gracefully shutting down
2025/04/07 14:11:32 [notice] 41#41: exit
2025/04/07 14:11:32 [notice] 44#44: exiting
2025/04/07 14:11:32 [notice] 44#44: exit
2025/04/07 14:11:32 [notice] 1#1: signal 17 (SIGCHLD) received from 36
2025/04/07 14:11:32 [notice] 1#1: worker process 36 exited with code 0
2025/04/07 14:11:32 [notice] 1#1: signal 29 (SIGIO) received
2025/04/07 14:11:32 [notice] 1#1: signal 17 (SIGCHLD) received from 34
2025/04/07 14:11:32 [notice] 1#1: worker process 34 exited with code 0
2025/04/07 14:11:32 [notice] 1#1: signal 29 (SIGIO) received
2025/04/07 14:11:32 [notice] 1#1: signal 17 (SIGCHLD) received from 33
2025/04/07 14:11:32 [notice] 1#1: worker process 33 exited with code 0
2025/04/07 14:11:32 [notice] 1#1: worker process 40 exited with code 0
2025/04/07 14:11:32 [notice] 1#1: signal 29 (SIGIO) received
2025/04/07 14:11:32 [notice] 1#1: signal 17 (SIGCHLD) received from 40
2025/04/07 14:11:32 [notice] 1#1: signal 17 (SIGCHLD) received from 43
2025/04/07 14:11:32 [notice] 1#1: worker process 42 exited with code 0
2025/04/07 14:11:32 [notice] 1#1: worker process 43 exited with code 0
2025/04/07 14:11:32 [notice] 1#1: signal 29 (SIGIO) received
2025/04/07 14:11:32 [notice] 1#1: signal 17 (SIGCHLD) received from 42
2025/04/07 14:11:32 [notice] 1#1: signal 17 (SIGCHLD) received from 37
2025/04/07 14:11:32 [notice] 1#1: worker process 37 exited with code 0
2025/04/07 14:11:32 [notice] 1#1: signal 29 (SIGIO) received
2025/04/07 14:11:32 [notice] 1#1: signal 17 (SIGCHLD) received from 44
2025/04/07 14:11:32 [notice] 1#1: worker process 41 exited with code 0
2025/04/07 14:11:32 [notice] 1#1: worker process 39 exited with code 0
2025/04/07 14:11:32 [notice] 1#1: worker process 44 exited with code 0
2025/04/07 14:11:32 [notice] 1#1: signal 29 (SIGIO) received
2025/04/07 14:11:32 [notice] 1#1: signal 17 (SIGCHLD) received from 39
2025/04/07 14:11:32 [notice] 1#1: signal 17 (SIGCHLD) received from 32
2025/04/07 14:11:32 [notice] 1#1: worker process 32 exited with code 0
2025/04/07 14:11:32 [notice] 1#1: worker process 35 exited with code 0
2025/04/07 14:11:32 [notice] 1#1: signal 29 (SIGIO) received
2025/04/07 14:11:32 [notice] 1#1: signal 17 (SIGCHLD) received from 35
2025/04/07 14:11:32 [notice] 1#1: signal 17 (SIGCHLD) received from 38
2025/04/07 14:11:32 [notice] 1#1: worker process 30 exited with code 0
2025/04/07 14:11:32 [notice] 1#1: worker process 38 exited with code 0
2025/04/07 14:11:32 [notice] 1#1: signal 29 (SIGIO) received
2025/04/07 14:11:32 [notice] 1#1: signal 17 (SIGCHLD) received from 29
2025/04/07 14:11:32 [notice] 1#1: worker process 29 exited with code 0
2025/04/07 14:11:32 [notice] 1#1: signal 17 (SIGCHLD) received from 31
2025/04/07 14:11:32 [notice] 1#1: worker process 31 exited with code 0
2025/04/07 14:11:32 [notice] 1#1: exit
2025/04/07 14:12:56 [notice] 1#1: using the "epoll" event method
2025/04/07 14:12:56 [notice] 1#1: nginx/1.27.4
2025/04/07 14:12:56 [notice] 1#1: built by gcc 14.2.0 (Alpine 14.2.0) 
2025/04/07 14:12:56 [notice] 1#1: OS: Linux 6.8.0-57-generic
2025/04/07 14:12:56 [notice] 1#1: getrlimit(RLIMIT_NOFILE): 1048576:1048576
2025/04/07 14:12:56 [notice] 1#1: start worker processes
2025/04/07 14:12:56 [notice] 1#1: start worker process 29
2025/04/07 14:12:56 [notice] 1#1: start worker process 30
2025/04/07 14:12:56 [notice] 1#1: start worker process 31
2025/04/07 14:12:56 [notice] 1#1: start worker process 32
2025/04/07 14:12:56 [notice] 1#1: start worker process 33
2025/04/07 14:12:56 [notice] 1#1: start worker process 34
2025/04/07 14:12:56 [notice] 1#1: start worker process 35
2025/04/07 14:12:56 [notice] 1#1: start worker process 36
2025/04/07 14:12:56 [notice] 1#1: start worker process 37
2025/04/07 14:12:56 [notice] 1#1: start worker process 38
2025/04/07 14:12:56 [notice] 1#1: start worker process 39
2025/04/07 14:12:56 [notice] 1#1: start worker process 40
2025/04/07 14:12:56 [notice] 1#1: start worker process 41
2025/04/07 14:12:56 [notice] 1#1: start worker process 42
2025/04/07 14:12:56 [notice] 1#1: start worker process 43
2025/04/07 14:12:56 [notice] 1#1: start worker process 44
2025/04/07 14:14:13 [notice] 1#1: signal 3 (SIGQUIT) received, shutting down
2025/04/07 14:14:13 [notice] 29#29: gracefully shutting down
2025/04/07 14:14:13 [notice] 30#30: gracefully shutting down
2025/04/07 14:14:13 [notice] 31#31: gracefully shutting down
2025/04/07 14:14:13 [notice] 32#32: gracefully shutting down
2025/04/07 14:14:13 [notice] 34#34: gracefully shutting down
2025/04/07 14:14:13 [notice] 35#35: gracefully shutting down
2025/04/07 14:14:13 [notice] 30#30: exiting
2025/04/07 14:14:13 [notice] 29#29: exiting
2025/04/07 14:14:13 [notice] 31#31: exiting
2025/04/07 14:14:13 [notice] 38#38: gracefully shutting down
2025/04/07 14:14:13 [notice] 32#32: exiting
2025/04/07 14:14:13 [notice] 40#40: gracefully shutting down
2025/04/07 14:14:13 [notice] 41#41: gracefully shutting down
2025/04/07 14:14:13 [notice] 34#34: exiting
2025/04/07 14:14:13 [notice] 35#35: exiting
2025/04/07 14:14:13 [notice] 38#38: exiting
2025/04/07 14:14:13 [notice] 44#44: gracefully shutting down
2025/04/07 14:14:13 [notice] 40#40: exiting
2025/04/07 14:14:13 [notice] 41#41: exiting
2025/04/07 14:14:13 [notice] 44#44: exiting
2025/04/07 14:14:13 [notice] 33#33: gracefully shutting down
2025/04/07 14:14:13 [notice] 33#33: exiting
2025/04/07 14:14:13 [notice] 32#32: exit
2025/04/07 14:14:13 [notice] 41#41: exit
2025/04/07 14:14:13 [notice] 44#44: exit
2025/04/07 14:14:13 [notice] 33#33: exit
2025/04/07 14:14:13 [notice] 29#29: exit
2025/04/07 14:14:13 [notice] 30#30: exit
2025/04/07 14:14:13 [notice] 38#38: exit
2025/04/07 14:14:13 [notice] 31#31: exit
2025/04/07 14:14:13 [notice] 35#35: exit
2025/04/07 14:14:13 [notice] 34#34: exit
2025/04/07 14:14:13 [notice] 40#40: exit
2025/04/07 14:14:13 [notice] 36#36: gracefully shutting down
2025/04/07 14:14:13 [notice] 36#36: exiting
2025/04/07 14:14:13 [notice] 42#42: gracefully shutting down
2025/04/07 14:14:13 [notice] 42#42: exiting
2025/04/07 14:14:13 [notice] 37#37: gracefully shutting down
2025/04/07 14:14:13 [notice] 42#42: exit
2025/04/07 14:14:13 [notice] 37#37: exiting
2025/04/07 14:14:13 [notice] 37#37: exit
2025/04/07 14:14:13 [notice] 36#36: exit
2025/04/07 14:14:13 [notice] 43#43: gracefully shutting down
2025/04/07 14:14:13 [notice] 43#43: exiting
2025/04/07 14:14:13 [notice] 39#39: gracefully shutting down
2025/04/07 14:14:13 [notice] 39#39: exiting
2025/04/07 14:14:13 [notice] 43#43: exit
2025/04/07 14:14:13 [notice] 39#39: exit
2025/04/07 14:14:13 [notice] 1#1: signal 17 (SIGCHLD) received from 36
2025/04/07 14:14:13 [notice] 1#1: worker process 29 exited with code 0
2025/04/07 14:14:13 [notice] 1#1: worker process 36 exited with code 0
2025/04/07 14:14:13 [notice] 1#1: worker process 41 exited with code 0
2025/04/07 14:14:13 [notice] 1#1: signal 29 (SIGIO) received
2025/04/07 14:14:13 [notice] 1#1: signal 17 (SIGCHLD) received from 33
2025/04/07 14:14:13 [notice] 1#1: worker process 33 exited with code 0
2025/04/07 14:14:13 [notice] 1#1: signal 29 (SIGIO) received
2025/04/07 14:14:13 [notice] 1#1: signal 17 (SIGCHLD) received from 43
2025/04/07 14:14:13 [notice] 1#1: worker process 35 exited with code 0
2025/04/07 14:14:13 [notice] 1#1: worker process 30 exited with code 0
2025/04/07 14:14:13 [notice] 1#1: worker process 38 exited with code 0
2025/04/07 14:14:13 [notice] 1#1: worker process 43 exited with code 0
2025/04/07 14:14:13 [notice] 1#1: worker process 44 exited with code 0
2025/04/07 14:14:13 [notice] 1#1: signal 29 (SIGIO) received
2025/04/07 14:14:13 [notice] 1#1: signal 17 (SIGCHLD) received from 30
2025/04/07 14:14:13 [notice] 1#1: signal 17 (SIGCHLD) received from 32
2025/04/07 14:14:13 [notice] 1#1: worker process 32 exited with code 0
2025/04/07 14:14:13 [notice] 1#1: worker process 40 exited with code 0
2025/04/07 14:14:13 [notice] 1#1: signal 29 (SIGIO) received
2025/04/07 14:14:13 [notice] 1#1: signal 17 (SIGCHLD) received from 40
2025/04/07 14:14:13 [notice] 1#1: signal 17 (SIGCHLD) received from 42
2025/04/07 14:14:13 [notice] 1#1: worker process 42 exited with code 0
2025/04/07 14:14:13 [notice] 1#1: signal 29 (SIGIO) received
2025/04/07 14:14:13 [notice] 1#1: signal 17 (SIGCHLD) received from 37
2025/04/07 14:14:13 [notice] 1#1: worker process 37 exited with code 0
2025/04/07 14:14:13 [notice] 1#1: worker process 31 exited with code 0
2025/04/07 14:14:13 [notice] 1#1: signal 29 (SIGIO) received
2025/04/07 14:14:13 [notice] 1#1: signal 17 (SIGCHLD) received from 31
2025/04/07 14:14:13 [notice] 1#1: signal 17 (SIGCHLD) received from 34
2025/04/07 14:14:13 [notice] 1#1: worker process 34 exited with code 0
2025/04/07 14:14:13 [notice] 1#1: signal 29 (SIGIO) received
2025/04/07 14:14:13 [notice] 1#1: signal 17 (SIGCHLD) received from 39
2025/04/07 14:14:13 [notice] 1#1: worker process 39 exited with code 0
2025/04/07 14:14:13 [notice] 1#1: exit
2025/04/07 14:14:32 [notice] 1#1: using the "epoll" event method
2025/04/07 14:14:32 [notice] 1#1: nginx/1.27.4
2025/04/07 14:14:32 [notice] 1#1: built by gcc 14.2.0 (Alpine 14.2.0) 
2025/04/07 14:14:32 [notice] 1#1: OS: Linux 6.8.0-57-generic
2025/04/07 14:14:32 [notice] 1#1: getrlimit(RLIMIT_NOFILE): 1048576:1048576
2025/04/07 14:14:32 [notice] 1#1: start worker processes
2025/04/07 14:14:32 [notice] 1#1: start worker process 29
2025/04/07 14:14:32 [notice] 1#1: start worker process 30
2025/04/07 14:14:32 [notice] 1#1: start worker process 31
2025/04/07 14:14:32 [notice] 1#1: start worker process 32
2025/04/07 14:14:32 [notice] 1#1: start worker process 33
2025/04/07 14:14:32 [notice] 1#1: start worker process 34
2025/04/07 14:14:32 [notice] 1#1: start worker process 35
2025/04/07 14:14:32 [notice] 1#1: start worker process 36
2025/04/07 14:14:32 [notice] 1#1: start worker process 37
2025/04/07 14:14:32 [notice] 1#1: start worker process 38
2025/04/07 14:14:32 [notice] 1#1: start worker process 39
2025/04/07 14:14:32 [notice] 1#1: start worker process 40
2025/04/07 14:14:32 [notice] 1#1: start worker process 41
2025/04/07 14:14:32 [notice] 1#1: start worker process 42
2025/04/07 14:14:32 [notice] 1#1: start worker process 43
2025/04/07 14:14:32 [notice] 1#1: start worker process 44
2025/04/07 14:16:44 [notice] 1#1: signal 3 (SIGQUIT) received, shutting down
2025/04/07 14:16:44 [notice] 30#30: gracefully shutting down
2025/04/07 14:16:44 [notice] 29#29: gracefully shutting down
2025/04/07 14:16:44 [notice] 33#33: gracefully shutting down
2025/04/07 14:16:44 [notice] 34#34: gracefully shutting down
2025/04/07 14:16:44 [notice] 30#30: exiting
2025/04/07 14:16:44 [notice] 29#29: exiting
2025/04/07 14:16:44 [notice] 37#37: gracefully shutting down
2025/04/07 14:16:44 [notice] 41#41: gracefully shutting down
2025/04/07 14:16:44 [notice] 33#33: exiting
2025/04/07 14:16:44 [notice] 34#34: exiting
2025/04/07 14:16:44 [notice] 42#42: gracefully shutting down
2025/04/07 14:16:44 [notice] 31#31: gracefully shutting down
2025/04/07 14:16:44 [notice] 37#37: exiting
2025/04/07 14:16:44 [notice] 41#41: exiting
2025/04/07 14:16:44 [notice] 42#42: exiting
2025/04/07 14:16:44 [notice] 31#31: exiting
2025/04/07 14:16:44 [notice] 35#35: gracefully shutting down
2025/04/07 14:16:44 [notice] 35#35: exiting
2025/04/07 14:16:44 [notice] 32#32: gracefully shutting down
2025/04/07 14:16:44 [notice] 30#30: exit
2025/04/07 14:16:44 [notice] 29#29: exit
2025/04/07 14:16:44 [notice] 33#33: exit
2025/04/07 14:16:44 [notice] 37#37: exit
2025/04/07 14:16:44 [notice] 41#41: exit
2025/04/07 14:16:44 [notice] 34#34: exit
2025/04/07 14:16:44 [notice] 31#31: exit
2025/04/07 14:16:44 [notice] 42#42: exit
2025/04/07 14:16:44 [notice] 35#35: exit
2025/04/07 14:16:44 [notice] 32#32: exiting
2025/04/07 14:16:44 [notice] 36#36: gracefully shutting down
2025/04/07 14:16:44 [notice] 38#38: gracefully shutting down
2025/04/07 14:16:44 [notice] 36#36: exiting
2025/04/07 14:16:44 [notice] 38#38: exiting
2025/04/07 14:16:44 [notice] 32#32: exit
2025/04/07 14:16:44 [notice] 39#39: gracefully shutting down
2025/04/07 14:16:44 [notice] 38#38: exit
2025/04/07 14:16:44 [notice] 36#36: exit
2025/04/07 14:16:44 [notice] 43#43: gracefully shutting down
2025/04/07 14:16:44 [notice] 43#43: exiting
2025/04/07 14:16:44 [notice] 44#44: gracefully shutting down
2025/04/07 14:16:44 [notice] 40#40: gracefully shutting down
2025/04/07 14:16:44 [notice] 44#44: exiting
2025/04/07 14:16:44 [notice] 40#40: exiting
2025/04/07 14:16:44 [notice] 43#43: exit
2025/04/07 14:16:44 [notice] 44#44: exit
2025/04/07 14:16:44 [notice] 40#40: exit
2025/04/07 14:16:44 [notice] 39#39: exiting
2025/04/07 14:16:44 [notice] 39#39: exit
2025/04/07 14:16:44 [notice] 1#1: signal 17 (SIGCHLD) received from 42
2025/04/07 14:16:44 [notice] 1#1: worker process 29 exited with code 0
2025/04/07 14:16:44 [notice] 1#1: worker process 42 exited with code 0
2025/04/07 14:16:44 [notice] 1#1: signal 29 (SIGIO) received
2025/04/07 14:16:44 [notice] 1#1: signal 17 (SIGCHLD) received from 41
2025/04/07 14:16:44 [notice] 1#1: worker process 41 exited with code 0
2025/04/07 14:16:44 [notice] 1#1: signal 29 (SIGIO) received
2025/04/07 14:16:44 [notice] 1#1: signal 17 (SIGCHLD) received from 34
2025/04/07 14:16:44 [notice] 1#1: worker process 34 exited with code 0
2025/04/07 14:16:44 [notice] 1#1: worker process 35 exited with code 0
2025/04/07 14:16:44 [notice] 1#1: worker process 36 exited with code 0
2025/04/07 14:16:44 [notice] 1#1: signal 29 (SIGIO) received
2025/04/07 14:16:44 [notice] 1#1: signal 17 (SIGCHLD) received from 35
2025/04/07 14:16:44 [notice] 1#1: signal 17 (SIGCHLD) received from 44
2025/04/07 14:16:44 [notice] 1#1: worker process 31 exited with code 0
2025/04/07 14:16:44 [notice] 1#1: worker process 33 exited with code 0
2025/04/07 14:16:44 [notice] 1#1: worker process 38 exited with code 0
2025/04/07 14:16:44 [notice] 1#1: worker process 44 exited with code 0
2025/04/07 14:16:44 [notice] 1#1: signal 29 (SIGIO) received
2025/04/07 14:16:44 [notice] 1#1: signal 17 (SIGCHLD) received from 31
2025/04/07 14:16:44 [notice] 1#1: signal 17 (SIGCHLD) received from 37
2025/04/07 14:16:44 [notice] 1#1: worker process 32 exited with code 0
2025/04/07 14:16:44 [notice] 1#1: worker process 37 exited with code 0
2025/04/07 14:16:44 [notice] 1#1: worker process 40 exited with code 0
2025/04/07 14:16:44 [notice] 1#1: signal 29 (SIGIO) received
2025/04/07 14:16:44 [notice] 1#1: signal 17 (SIGCHLD) received from 32
2025/04/07 14:16:44 [notice] 1#1: signal 17 (SIGCHLD) received from 30
2025/04/07 14:16:44 [notice] 1#1: worker process 30 exited with code 0
2025/04/07 14:16:44 [notice] 1#1: signal 29 (SIGIO) received
2025/04/07 14:16:44 [notice] 1#1: signal 17 (SIGCHLD) received from 43
2025/04/07 14:16:44 [notice] 1#1: worker process 43 exited with code 0
2025/04/07 14:16:44 [notice] 1#1: signal 29 (SIGIO) received
2025/04/07 14:16:44 [notice] 1#1: signal 17 (SIGCHLD) received from 39
2025/04/07 14:16:44 [notice] 1#1: worker process 39 exited with code 0
2025/04/07 14:16:44 [notice] 1#1: exit
2025/04/07 14:17:09 [notice] 1#1: using the "epoll" event method
2025/04/07 14:17:09 [notice] 1#1: nginx/1.27.4
2025/04/07 14:17:09 [notice] 1#1: built by gcc 14.2.0 (Alpine 14.2.0) 
2025/04/07 14:17:09 [notice] 1#1: OS: Linux 6.8.0-57-generic
2025/04/07 14:17:09 [notice] 1#1: getrlimit(RLIMIT_NOFILE): 1048576:1048576
2025/04/07 14:17:09 [notice] 1#1: start worker processes
2025/04/07 14:17:09 [notice] 1#1: start worker process 29
2025/04/07 14:17:09 [notice] 1#1: start worker process 30
2025/04/07 14:17:09 [notice] 1#1: start worker process 31
2025/04/07 14:17:09 [notice] 1#1: start worker process 32
2025/04/07 14:17:09 [notice] 1#1: start worker process 33
2025/04/07 14:17:09 [notice] 1#1: start worker process 34
2025/04/07 14:17:09 [notice] 1#1: start worker process 35
2025/04/07 14:17:09 [notice] 1#1: start worker process 36
2025/04/07 14:17:09 [notice] 1#1: start worker process 37
2025/04/07 14:17:09 [notice] 1#1: start worker process 38
2025/04/07 14:17:09 [notice] 1#1: start worker process 39
2025/04/07 14:17:09 [notice] 1#1: start worker process 40
2025/04/07 14:17:09 [notice] 1#1: start worker process 41
2025/04/07 14:17:09 [notice] 1#1: start worker process 42
2025/04/07 14:17:09 [notice] 1#1: start worker process 43
2025/04/07 14:17:09 [notice] 1#1: start worker process 44
2025/04/07 14:18:18 [notice] 1#1: signal 3 (SIGQUIT) received, shutting down
2025/04/07 14:18:18 [notice] 30#30: gracefully shutting down
2025/04/07 14:18:18 [notice] 31#31: gracefully shutting down
2025/04/07 14:18:18 [notice] 29#29: gracefully shutting down
2025/04/07 14:18:18 [notice] 30#30: exiting
2025/04/07 14:18:18 [notice] 31#31: exiting
2025/04/07 14:18:18 [notice] 29#29: exiting
2025/04/07 14:18:18 [notice] 37#37: gracefully shutting down
2025/04/07 14:18:18 [notice] 37#37: exiting
2025/04/07 14:18:18 [notice] 32#32: gracefully shutting down
2025/04/07 14:18:18 [notice] 43#43: gracefully shutting down
2025/04/07 14:18:18 [notice] 33#33: gracefully shutting down
2025/04/07 14:18:18 [notice] 34#34: gracefully shutting down
2025/04/07 14:18:18 [notice] 41#41: gracefully shutting down
2025/04/07 14:18:18 [notice] 32#32: exiting
2025/04/07 14:18:18 [notice] 43#43: exiting
2025/04/07 14:18:18 [notice] 33#33: exiting
2025/04/07 14:18:18 [notice] 34#34: exiting
2025/04/07 14:18:18 [notice] 41#41: exiting
2025/04/07 14:18:18 [notice] 35#35: gracefully shutting down
2025/04/07 14:18:18 [notice] 35#35: exiting
2025/04/07 14:18:18 [notice] 37#37: exit
2025/04/07 14:18:18 [notice] 29#29: exit
2025/04/07 14:18:18 [notice] 30#30: exit
2025/04/07 14:18:18 [notice] 32#32: exit
2025/04/07 14:18:18 [notice] 33#33: exit
2025/04/07 14:18:18 [notice] 34#34: exit
2025/04/07 14:18:18 [notice] 41#41: exit
2025/04/07 14:18:18 [notice] 43#43: exit
2025/04/07 14:18:18 [notice] 35#35: exit
2025/04/07 14:18:18 [notice] 31#31: exit
2025/04/07 14:18:18 [notice] 36#36: gracefully shutting down
2025/04/07 14:18:18 [notice] 36#36: exiting
2025/04/07 14:18:18 [notice] 38#38: gracefully shutting down
2025/04/07 14:18:18 [notice] 38#38: exiting
2025/04/07 14:18:18 [notice] 36#36: exit
2025/04/07 14:18:18 [notice] 38#38: exit
2025/04/07 14:18:18 [notice] 39#39: gracefully shutting down
2025/04/07 14:18:18 [notice] 39#39: exiting
2025/04/07 14:18:18 [notice] 40#40: gracefully shutting down
2025/04/07 14:18:18 [notice] 40#40: exiting
2025/04/07 14:18:18 [notice] 39#39: exit
2025/04/07 14:18:18 [notice] 40#40: exit
2025/04/07 14:18:18 [notice] 42#42: gracefully shutting down
2025/04/07 14:18:18 [notice] 42#42: exiting
2025/04/07 14:18:18 [notice] 44#44: gracefully shutting down
2025/04/07 14:18:18 [notice] 44#44: exiting
2025/04/07 14:18:18 [notice] 42#42: exit
2025/04/07 14:18:18 [notice] 44#44: exit
2025/04/07 14:18:18 [notice] 1#1: signal 17 (SIGCHLD) received from 44
2025/04/07 14:18:18 [notice] 1#1: worker process 31 exited with code 0
2025/04/07 14:18:18 [notice] 1#1: worker process 33 exited with code 0
2025/04/07 14:18:18 [notice] 1#1: worker process 44 exited with code 0
2025/04/07 14:18:18 [notice] 1#1: signal 29 (SIGIO) received
2025/04/07 14:18:18 [notice] 1#1: signal 17 (SIGCHLD) received from 43
2025/04/07 14:18:18 [notice] 1#1: worker process 43 exited with code 0
2025/04/07 14:18:18 [notice] 1#1: signal 29 (SIGIO) received
2025/04/07 14:18:18 [notice] 1#1: signal 17 (SIGCHLD) received from 29
2025/04/07 14:18:18 [notice] 1#1: worker process 29 exited with code 0
2025/04/07 14:18:18 [notice] 1#1: signal 29 (SIGIO) received
2025/04/07 14:18:18 [notice] 1#1: signal 17 (SIGCHLD) received from 42
2025/04/07 14:18:18 [notice] 1#1: worker process 42 exited with code 0
2025/04/07 14:18:18 [notice] 1#1: signal 29 (SIGIO) received
2025/04/07 14:18:18 [notice] 1#1: signal 17 (SIGCHLD) received from 34
2025/04/07 14:18:18 [notice] 1#1: worker process 34 exited with code 0
2025/04/07 14:18:18 [notice] 1#1: worker process 35 exited with code 0
2025/04/07 14:18:18 [notice] 1#1: worker process 39 exited with code 0
2025/04/07 14:18:18 [notice] 1#1: worker process 40 exited with code 0
2025/04/07 14:18:18 [notice] 1#1: signal 29 (SIGIO) received
2025/04/07 14:18:18 [notice] 1#1: signal 17 (SIGCHLD) received from 40
2025/04/07 14:18:18 [notice] 1#1: signal 17 (SIGCHLD) received from 38
2025/04/07 14:18:18 [notice] 1#1: worker process 36 exited with code 0
2025/04/07 14:18:18 [notice] 1#1: worker process 38 exited with code 0
2025/04/07 14:18:18 [notice] 1#1: signal 29 (SIGIO) received
2025/04/07 14:18:18 [notice] 1#1: signal 17 (SIGCHLD) received from 30
2025/04/07 14:18:18 [notice] 1#1: worker process 30 exited with code 0
2025/04/07 14:18:18 [notice] 1#1: signal 29 (SIGIO) received
2025/04/07 14:18:18 [notice] 1#1: signal 17 (SIGCHLD) received from 37
2025/04/07 14:18:18 [notice] 1#1: worker process 37 exited with code 0
2025/04/07 14:18:18 [notice] 1#1: worker process 41 exited with code 0
2025/04/07 14:18:18 [notice] 1#1: signal 29 (SIGIO) received
2025/04/07 14:18:19 [notice] 1#1: signal 17 (SIGCHLD) received from 32
2025/04/07 14:18:19 [notice] 1#1: worker process 32 exited with code 0
2025/04/07 14:18:19 [notice] 1#1: exit
2025/04/07 14:18:56 [notice] 1#1: using the "epoll" event method
2025/04/07 14:18:56 [notice] 1#1: nginx/1.27.4
2025/04/07 14:18:56 [notice] 1#1: built by gcc 14.2.0 (Alpine 14.2.0) 
2025/04/07 14:18:56 [notice] 1#1: OS: Linux 6.8.0-57-generic
2025/04/07 14:18:56 [notice] 1#1: getrlimit(RLIMIT_NOFILE): 1048576:1048576
2025/04/07 14:18:56 [notice] 1#1: start worker processes
2025/04/07 14:18:56 [notice] 1#1: start worker process 29
2025/04/07 14:18:56 [notice] 1#1: start worker process 30
2025/04/07 14:18:56 [notice] 1#1: start worker process 31
2025/04/07 14:18:56 [notice] 1#1: start worker process 32
2025/04/07 14:18:56 [notice] 1#1: start worker process 33
2025/04/07 14:18:56 [notice] 1#1: start worker process 34
2025/04/07 14:18:56 [notice] 1#1: start worker process 35
2025/04/07 14:18:56 [notice] 1#1: start worker process 36
2025/04/07 14:18:56 [notice] 1#1: start worker process 37
2025/04/07 14:18:56 [notice] 1#1: start worker process 38
2025/04/07 14:18:56 [notice] 1#1: start worker process 39
2025/04/07 14:18:56 [notice] 1#1: start worker process 40
2025/04/07 14:18:56 [notice] 1#1: start worker process 41
2025/04/07 14:18:56 [notice] 1#1: start worker process 42
2025/04/07 14:18:56 [notice] 1#1: start worker process 43
2025/04/07 14:18:56 [notice] 1#1: start worker process 44
2025/04/07 14:22:59 [notice] 1#1: signal 3 (SIGQUIT) received, shutting down
2025/04/07 14:22:59 [notice] 29#29: gracefully shutting down
2025/04/07 14:22:59 [notice] 30#30: gracefully shutting down
2025/04/07 14:22:59 [notice] 31#31: gracefully shutting down
2025/04/07 14:22:59 [notice] 32#32: gracefully shutting down
2025/04/07 14:22:59 [notice] 29#29: exiting
2025/04/07 14:22:59 [notice] 33#33: gracefully shutting down
2025/04/07 14:22:59 [notice] 34#34: gracefully shutting down
2025/04/07 14:22:59 [notice] 30#30: exiting
2025/04/07 14:22:59 [notice] 36#36: gracefully shutting down
2025/04/07 14:22:59 [notice] 31#31: exiting
2025/04/07 14:22:59 [notice] 32#32: exiting
2025/04/07 14:22:59 [notice] 35#35: gracefully shutting down
2025/04/07 14:22:59 [notice] 37#37: gracefully shutting down
2025/04/07 14:22:59 [notice] 38#38: gracefully shutting down
2025/04/07 14:22:59 [notice] 33#33: exiting
2025/04/07 14:22:59 [notice] 39#39: gracefully shutting down
2025/04/07 14:22:59 [notice] 34#34: exiting
2025/04/07 14:22:59 [notice] 36#36: exiting
2025/04/07 14:22:59 [notice] 40#40: gracefully shutting down
2025/04/07 14:22:59 [notice] 35#35: exiting
2025/04/07 14:22:59 [notice] 39#39: exiting
2025/04/07 14:22:59 [notice] 40#40: exiting
2025/04/07 14:22:59 [notice] 37#37: exiting
2025/04/07 14:22:59 [notice] 38#38: exiting
2025/04/07 14:22:59 [notice] 41#41: gracefully shutting down
2025/04/07 14:22:59 [notice] 41#41: exiting
2025/04/07 14:22:59 [notice] 42#42: gracefully shutting down
2025/04/07 14:22:59 [notice] 42#42: exiting
2025/04/07 14:22:59 [notice] 29#29: exit
2025/04/07 14:22:59 [notice] 30#30: exit
2025/04/07 14:22:59 [notice] 31#31: exit
2025/04/07 14:22:59 [notice] 32#32: exit
2025/04/07 14:22:59 [notice] 33#33: exit
2025/04/07 14:22:59 [notice] 36#36: exit
2025/04/07 14:22:59 [notice] 40#40: exit
2025/04/07 14:22:59 [notice] 34#34: exit
2025/04/07 14:22:59 [notice] 39#39: exit
2025/04/07 14:22:59 [notice] 35#35: exit
2025/04/07 14:22:59 [notice] 37#37: exit
2025/04/07 14:22:59 [notice] 38#38: exit
2025/04/07 14:22:59 [notice] 41#41: exit
2025/04/07 14:22:59 [notice] 42#42: exit
2025/04/07 14:22:59 [notice] 43#43: gracefully shutting down
2025/04/07 14:22:59 [notice] 43#43: exiting
2025/04/07 14:22:59 [notice] 43#43: exit
2025/04/07 14:22:59 [notice] 44#44: gracefully shutting down
2025/04/07 14:22:59 [notice] 44#44: exiting
2025/04/07 14:22:59 [notice] 44#44: exit
2025/04/07 14:22:59 [notice] 1#1: signal 17 (SIGCHLD) received from 37
2025/04/07 14:22:59 [notice] 1#1: worker process 33 exited with code 0
2025/04/07 14:22:59 [notice] 1#1: worker process 37 exited with code 0
2025/04/07 14:22:59 [notice] 1#1: worker process 40 exited with code 0
2025/04/07 14:22:59 [notice] 1#1: signal 29 (SIGIO) received
2025/04/07 14:22:59 [notice] 1#1: signal 17 (SIGCHLD) received from 30
2025/04/07 14:22:59 [notice] 1#1: worker process 30 exited with code 0
2025/04/07 14:22:59 [notice] 1#1: signal 29 (SIGIO) received
2025/04/07 14:22:59 [notice] 1#1: signal 17 (SIGCHLD) received from 32
2025/04/07 14:22:59 [notice] 1#1: worker process 32 exited with code 0
2025/04/07 14:22:59 [notice] 1#1: worker process 34 exited with code 0
2025/04/07 14:22:59 [notice] 1#1: worker process 39 exited with code 0
2025/04/07 14:22:59 [notice] 1#1: worker process 42 exited with code 0
2025/04/07 14:22:59 [notice] 1#1: worker process 44 exited with code 0
2025/04/07 14:22:59 [notice] 1#1: signal 29 (SIGIO) received
2025/04/07 14:22:59 [notice] 1#1: signal 17 (SIGCHLD) received from 42
2025/04/07 14:22:59 [notice] 1#1: signal 17 (SIGCHLD) received from 29
2025/04/07 14:22:59 [notice] 1#1: worker process 29 exited with code 0
2025/04/07 14:22:59 [notice] 1#1: worker process 36 exited with code 0
2025/04/07 14:22:59 [notice] 1#1: signal 29 (SIGIO) received
2025/04/07 14:22:59 [notice] 1#1: signal 17 (SIGCHLD) received from 36
2025/04/07 14:22:59 [notice] 1#1: signal 17 (SIGCHLD) received from 38
2025/04/07 14:22:59 [notice] 1#1: worker process 38 exited with code 0
2025/04/07 14:22:59 [notice] 1#1: signal 29 (SIGIO) received
2025/04/07 14:22:59 [notice] 1#1: signal 17 (SIGCHLD) received from 31
2025/04/07 14:22:59 [notice] 1#1: worker process 31 exited with code 0
2025/04/07 14:22:59 [notice] 1#1: signal 29 (SIGIO) received
2025/04/07 14:22:59 [notice] 1#1: signal 17 (SIGCHLD) received from 43
2025/04/07 14:22:59 [notice] 1#1: worker process 41 exited with code 0
2025/04/07 14:22:59 [notice] 1#1: worker process 43 exited with code 0
2025/04/07 14:22:59 [notice] 1#1: signal 29 (SIGIO) received
2025/04/07 14:22:59 [notice] 1#1: signal 17 (SIGCHLD) received from 35
2025/04/07 14:22:59 [notice] 1#1: worker process 35 exited with code 0
2025/04/07 14:22:59 [notice] 1#1: exit
2025/04/07 14:23:00 [emerg] 1#1: host not found in upstream "api" in /etc/nginx/conf.d/default.conf:35
2025/04/07 14:23:05 [emerg] 1#1: host not found in upstream "api" in /etc/nginx/conf.d/default.conf:35
2025/04/07 14:23:11 [emerg] 1#1: host not found in upstream "api" in /etc/nginx/conf.d/default.conf:35
2025/04/07 14:23:16 [emerg] 1#1: host not found in upstream "api" in /etc/nginx/conf.d/default.conf:35
2025/04/07 14:23:22 [notice] 1#1: using the "epoll" event method
2025/04/07 14:23:22 [notice] 1#1: nginx/1.27.4
2025/04/07 14:23:22 [notice] 1#1: built by gcc 14.2.0 (Alpine 14.2.0) 
2025/04/07 14:23:22 [notice] 1#1: OS: Linux 6.8.0-57-generic
2025/04/07 14:23:22 [notice] 1#1: getrlimit(RLIMIT_NOFILE): 1048576:1048576
2025/04/07 14:23:22 [notice] 1#1: start worker processes
2025/04/07 14:23:22 [notice] 1#1: start worker process 29
2025/04/07 14:23:22 [notice] 1#1: start worker process 30
2025/04/07 14:23:22 [notice] 1#1: start worker process 31
2025/04/07 14:23:22 [notice] 1#1: start worker process 32
2025/04/07 14:23:22 [notice] 1#1: start worker process 33
2025/04/07 14:23:22 [notice] 1#1: start worker process 34
2025/04/07 14:23:22 [notice] 1#1: start worker process 35
2025/04/07 14:23:22 [notice] 1#1: start worker process 36
2025/04/07 14:23:22 [notice] 1#1: start worker process 37
2025/04/07 14:23:22 [notice] 1#1: start worker process 38
2025/04/07 14:23:22 [notice] 1#1: start worker process 39
2025/04/07 14:23:22 [notice] 1#1: start worker process 40
2025/04/07 14:23:22 [notice] 1#1: start worker process 41
2025/04/07 14:23:22 [notice] 1#1: start worker process 42
2025/04/07 14:23:22 [notice] 1#1: start worker process 43
2025/04/07 14:23:22 [notice] 1#1: start worker process 44
2025/04/07 14:23:29 [notice] 1#1: signal 3 (SIGQUIT) received, shutting down
2025/04/07 14:23:29 [notice] 29#29: gracefully shutting down
2025/04/07 14:23:29 [notice] 30#30: gracefully shutting down
2025/04/07 14:23:29 [notice] 32#32: gracefully shutting down
2025/04/07 14:23:29 [notice] 31#31: gracefully shutting down
2025/04/07 14:23:29 [notice] 33#33: gracefully shutting down
2025/04/07 14:23:29 [notice] 34#34: gracefully shutting down
2025/04/07 14:23:29 [notice] 35#35: gracefully shutting down
2025/04/07 14:23:29 [notice] 29#29: exiting
2025/04/07 14:23:29 [notice] 37#37: gracefully shutting down
2025/04/07 14:23:29 [notice] 32#32: exiting
2025/04/07 14:23:29 [notice] 36#36: gracefully shutting down
2025/04/07 14:23:29 [notice] 38#38: gracefully shutting down
2025/04/07 14:23:29 [notice] 40#40: gracefully shutting down
2025/04/07 14:23:29 [notice] 30#30: exiting
2025/04/07 14:23:29 [notice] 39#39: gracefully shutting down
2025/04/07 14:23:29 [notice] 31#31: exiting
2025/04/07 14:23:29 [notice] 34#34: exiting
2025/04/07 14:23:29 [notice] 33#33: exiting
2025/04/07 14:23:29 [notice] 35#35: exiting
2025/04/07 14:23:29 [notice] 37#37: exiting
2025/04/07 14:23:29 [notice] 36#36: exiting
2025/04/07 14:23:29 [notice] 40#40: exiting
2025/04/07 14:23:29 [notice] 38#38: exiting
2025/04/07 14:23:29 [notice] 39#39: exiting
2025/04/07 14:23:29 [notice] 42#42: gracefully shutting down
2025/04/07 14:23:29 [notice] 41#41: gracefully shutting down
2025/04/07 14:23:29 [notice] 42#42: exiting
2025/04/07 14:23:29 [notice] 41#41: exiting
2025/04/07 14:23:29 [notice] 32#32: exit
2025/04/07 14:23:29 [notice] 34#34: exit
2025/04/07 14:23:29 [notice] 29#29: exit
2025/04/07 14:23:29 [notice] 37#37: exit
2025/04/07 14:23:29 [notice] 41#41: exit
2025/04/07 14:23:29 [notice] 33#33: exit
2025/04/07 14:23:29 [notice] 35#35: exit
2025/04/07 14:23:29 [notice] 30#30: exit
2025/04/07 14:23:29 [notice] 39#39: exit
2025/04/07 14:23:29 [notice] 31#31: exit
2025/04/07 14:23:29 [notice] 36#36: exit
2025/04/07 14:23:29 [notice] 38#38: exit
2025/04/07 14:23:29 [notice] 40#40: exit
2025/04/07 14:23:29 [notice] 42#42: exit
2025/04/07 14:23:29 [notice] 43#43: gracefully shutting down
2025/04/07 14:23:29 [notice] 43#43: exiting
2025/04/07 14:23:29 [notice] 44#44: gracefully shutting down
2025/04/07 14:23:29 [notice] 44#44: exiting
2025/04/07 14:23:29 [notice] 43#43: exit
2025/04/07 14:23:29 [notice] 44#44: exit
2025/04/07 14:23:29 [notice] 1#1: signal 17 (SIGCHLD) received from 34
2025/04/07 14:23:29 [notice] 1#1: worker process 34 exited with code 0
2025/04/07 14:23:29 [notice] 1#1: worker process 36 exited with code 0
2025/04/07 14:23:29 [notice] 1#1: worker process 38 exited with code 0
2025/04/07 14:23:29 [notice] 1#1: signal 29 (SIGIO) received
2025/04/07 14:23:29 [notice] 1#1: signal 17 (SIGCHLD) received from 31
2025/04/07 14:23:29 [notice] 1#1: worker process 31 exited with code 0
2025/04/07 14:23:29 [notice] 1#1: signal 29 (SIGIO) received
2025/04/07 14:23:29 [notice] 1#1: signal 17 (SIGCHLD) received from 35
2025/04/07 14:23:29 [notice] 1#1: worker process 33 exited with code 0
2025/04/07 14:23:29 [notice] 1#1: worker process 35 exited with code 0
2025/04/07 14:23:29 [notice] 1#1: worker process 41 exited with code 0
2025/04/07 14:23:29 [notice] 1#1: signal 29 (SIGIO) received
2025/04/07 14:23:29 [notice] 1#1: signal 17 (SIGCHLD) received from 33
2025/04/07 14:23:29 [notice] 1#1: signal 17 (SIGCHLD) received from 44
2025/04/07 14:23:29 [notice] 1#1: worker process 29 exited with code 0
2025/04/07 14:23:29 [notice] 1#1: worker process 30 exited with code 0
2025/04/07 14:23:29 [notice] 1#1: worker process 32 exited with code 0
2025/04/07 14:23:29 [notice] 1#1: worker process 39 exited with code 0
2025/04/07 14:23:29 [notice] 1#1: worker process 40 exited with code 0
2025/04/07 14:23:29 [notice] 1#1: worker process 44 exited with code 0
2025/04/07 14:23:29 [notice] 1#1: signal 29 (SIGIO) received
2025/04/07 14:23:29 [notice] 1#1: signal 17 (SIGCHLD) received from 29
2025/04/07 14:23:29 [notice] 1#1: signal 17 (SIGCHLD) received from 37
2025/04/07 14:23:29 [notice] 1#1: worker process 37 exited with code 0
2025/04/07 14:23:29 [notice] 1#1: worker process 43 exited with code 0
2025/04/07 14:23:29 [notice] 1#1: worker process 42 exited with code 0
2025/04/07 14:23:29 [notice] 1#1: exit
2025/04/07 14:23:29 [notice] 1#1: using the "epoll" event method
2025/04/07 14:23:29 [notice] 1#1: nginx/1.27.4
2025/04/07 14:23:29 [notice] 1#1: built by gcc 14.2.0 (Alpine 14.2.0) 
2025/04/07 14:23:29 [notice] 1#1: OS: Linux 6.8.0-57-generic
2025/04/07 14:23:29 [notice] 1#1: getrlimit(RLIMIT_NOFILE): 1048576:1048576
2025/04/07 14:23:29 [notice] 1#1: start worker processes
2025/04/07 14:23:29 [notice] 1#1: start worker process 29
2025/04/07 14:23:29 [notice] 1#1: start worker process 30
2025/04/07 14:23:29 [notice] 1#1: start worker process 31
2025/04/07 14:23:29 [notice] 1#1: start worker process 32
2025/04/07 14:23:29 [notice] 1#1: start worker process 33
2025/04/07 14:23:29 [notice] 1#1: start worker process 34
2025/04/07 14:23:29 [notice] 1#1: start worker process 35
2025/04/07 14:23:29 [notice] 1#1: start worker process 36
2025/04/07 14:23:29 [notice] 1#1: start worker process 37
2025/04/07 14:23:29 [notice] 1#1: start worker process 38
2025/04/07 14:23:29 [notice] 1#1: start worker process 39
2025/04/07 14:23:29 [notice] 1#1: start worker process 40
2025/04/07 14:23:29 [notice] 1#1: start worker process 41
2025/04/07 14:23:29 [notice] 1#1: start worker process 42
2025/04/07 14:23:29 [notice] 1#1: start worker process 43
2025/04/07 14:23:29 [notice] 1#1: start worker process 44
2025/04/07 15:13:40 [notice] 1#1: signal 3 (SIGQUIT) received, shutting down
2025/04/07 15:13:40 [notice] 29#29: gracefully shutting down
2025/04/07 15:13:40 [notice] 30#30: gracefully shutting down
2025/04/07 15:13:40 [notice] 31#31: gracefully shutting down
2025/04/07 15:13:40 [notice] 32#32: gracefully shutting down
2025/04/07 15:13:40 [notice] 33#33: gracefully shutting down
2025/04/07 15:13:40 [notice] 29#29: exiting
2025/04/07 15:13:40 [notice] 35#35: gracefully shutting down
2025/04/07 15:13:40 [notice] 34#34: gracefully shutting down
2025/04/07 15:13:40 [notice] 30#30: exiting
2025/04/07 15:13:40 [notice] 31#31: exiting
2025/04/07 15:13:40 [notice] 37#37: gracefully shutting down
2025/04/07 15:13:40 [notice] 36#36: gracefully shutting down
2025/04/07 15:13:40 [notice] 32#32: exiting
2025/04/07 15:13:40 [notice] 39#39: gracefully shutting down
2025/04/07 15:13:40 [notice] 33#33: exiting
2025/04/07 15:13:40 [notice] 34#34: exiting
2025/04/07 15:13:40 [notice] 35#35: exiting
2025/04/07 15:13:40 [notice] 41#41: gracefully shutting down
2025/04/07 15:13:40 [notice] 38#38: gracefully shutting down
2025/04/07 15:13:40 [notice] 36#36: exiting
2025/04/07 15:13:40 [notice] 37#37: exiting
2025/04/07 15:13:40 [notice] 39#39: exiting
2025/04/07 15:13:40 [notice] 41#41: exiting
2025/04/07 15:13:40 [notice] 38#38: exiting
2025/04/07 15:13:40 [notice] 29#29: exit
2025/04/07 15:13:40 [notice] 39#39: exit
2025/04/07 15:13:40 [notice] 30#30: exit
2025/04/07 15:13:40 [notice] 31#31: exit
2025/04/07 15:13:40 [notice] 33#33: exit
2025/04/07 15:13:40 [notice] 35#35: exit
2025/04/07 15:13:40 [notice] 36#36: exit
2025/04/07 15:13:40 [notice] 34#34: exit
2025/04/07 15:13:40 [notice] 41#41: exit
2025/04/07 15:13:40 [notice] 38#38: exit
2025/04/07 15:13:40 [notice] 37#37: exit
2025/04/07 15:13:40 [notice] 32#32: exit
2025/04/07 15:13:40 [notice] 43#43: gracefully shutting down
2025/04/07 15:13:40 [notice] 43#43: exiting
2025/04/07 15:13:40 [notice] 43#43: exit
2025/04/07 15:13:40 [notice] 40#40: gracefully shutting down
2025/04/07 15:13:40 [notice] 42#42: gracefully shutting down
2025/04/07 15:13:40 [notice] 42#42: exiting
2025/04/07 15:13:40 [notice] 40#40: exiting
2025/04/07 15:13:40 [notice] 44#44: gracefully shutting down
2025/04/07 15:13:40 [notice] 44#44: exiting
2025/04/07 15:13:40 [notice] 42#42: exit
2025/04/07 15:13:40 [notice] 40#40: exit
2025/04/07 15:13:40 [notice] 44#44: exit
2025/04/07 15:13:40 [notice] 1#1: signal 17 (SIGCHLD) received from 36
2025/04/07 15:13:40 [notice] 1#1: worker process 36 exited with code 0
2025/04/07 15:13:40 [notice] 1#1: worker process 43 exited with code 0
2025/04/07 15:13:40 [notice] 1#1: signal 29 (SIGIO) received
2025/04/07 15:13:40 [notice] 1#1: signal 17 (SIGCHLD) received from 39
2025/04/07 15:13:40 [notice] 1#1: worker process 30 exited with code 0
2025/04/07 15:13:40 [notice] 1#1: worker process 32 exited with code 0
2025/04/07 15:13:40 [notice] 1#1: worker process 33 exited with code 0
2025/04/07 15:13:40 [notice] 1#1: worker process 34 exited with code 0
2025/04/07 15:13:40 [notice] 1#1: worker process 37 exited with code 0
2025/04/07 15:13:40 [notice] 1#1: worker process 39 exited with code 0
2025/04/07 15:13:40 [notice] 1#1: worker process 40 exited with code 0
2025/04/07 15:13:40 [notice] 1#1: worker process 41 exited with code 0
2025/04/07 15:13:40 [notice] 1#1: worker process 42 exited with code 0
2025/04/07 15:13:40 [notice] 1#1: worker process 44 exited with code 0
2025/04/07 15:13:40 [notice] 1#1: signal 29 (SIGIO) received
2025/04/07 15:13:40 [notice] 1#1: signal 17 (SIGCHLD) received from 44
2025/04/07 15:13:40 [notice] 1#1: signal 17 (SIGCHLD) received from 38
2025/04/07 15:13:40 [notice] 1#1: worker process 38 exited with code 0
2025/04/07 15:13:40 [notice] 1#1: signal 29 (SIGIO) received
2025/04/07 15:13:40 [notice] 1#1: signal 17 (SIGCHLD) received from 31
2025/04/07 15:13:40 [notice] 1#1: worker process 31 exited with code 0
2025/04/07 15:13:40 [notice] 1#1: worker process 29 exited with code 0
2025/04/07 15:13:40 [notice] 1#1: signal 29 (SIGIO) received
2025/04/07 15:13:40 [notice] 1#1: signal 17 (SIGCHLD) received from 29
2025/04/07 15:13:40 [notice] 1#1: signal 17 (SIGCHLD) received from 35
2025/04/07 15:13:40 [notice] 1#1: worker process 35 exited with code 0
2025/04/07 15:13:40 [notice] 1#1: exit
2025/04/07 15:14:05 [notice] 1#1: using the "epoll" event method
2025/04/07 15:14:05 [notice] 1#1: nginx/1.27.4
2025/04/07 15:14:05 [notice] 1#1: built by gcc 14.2.0 (Alpine 14.2.0) 
2025/04/07 15:14:05 [notice] 1#1: OS: Linux 6.8.0-57-generic
2025/04/07 15:14:05 [notice] 1#1: getrlimit(RLIMIT_NOFILE): 1048576:1048576
2025/04/07 15:14:05 [notice] 1#1: start worker processes
2025/04/07 15:14:05 [notice] 1#1: start worker process 29
2025/04/07 15:14:05 [notice] 1#1: start worker process 30
2025/04/07 15:14:05 [notice] 1#1: start worker process 31
2025/04/07 15:14:05 [notice] 1#1: start worker process 32
2025/04/07 15:14:05 [notice] 1#1: start worker process 33
2025/04/07 15:14:05 [notice] 1#1: start worker process 34
2025/04/07 15:14:05 [notice] 1#1: start worker process 35
2025/04/07 15:14:05 [notice] 1#1: start worker process 36
2025/04/07 15:14:05 [notice] 1#1: start worker process 37
2025/04/07 15:14:05 [notice] 1#1: start worker process 38
2025/04/07 15:14:05 [notice] 1#1: start worker process 39
2025/04/07 15:14:05 [notice] 1#1: start worker process 40
2025/04/07 15:14:05 [notice] 1#1: start worker process 41
2025/04/07 15:14:05 [notice] 1#1: start worker process 42
2025/04/07 15:14:05 [notice] 1#1: start worker process 43
2025/04/07 15:14:05 [notice] 1#1: start worker process 44
