Starting backup process at Wed 09 Apr 2025 02:00:01 AEST
Backing up MongoDB data...
[sudo] password for tabs: 2025-04-08T16:00:01.986+0000	Failed: error creating intents to dump: error getting database names: (Unauthorized) Command listDatabases requires authentication
Error response from daemon: Could not find the file /tmp/mongodb-backup in container seo-mongodb
Backing up Redis data...
OK
Backing up configuration files...
Compressing backup...
tar: seo-engineering-backup-2025-04-09/redis-dump.rdb: Cannot open: Permission denied
tar: Exiting with failure status due to previous errors
Applying retention policy (14 days)...
Backup completed at Wed 09 Apr 2025 02:00:02 AEST
Backup stored at: /home/tabs/seo-engineering/backups/seo-engineering-backup-2025-04-09.tar.gz
Starting backup process at Thu 10 Apr 2025 02:00:01 AEST
Backing up MongoDB data...
[sudo] password for tabs: 2025-04-09T16:00:01.370+0000	Failed: error creating intents to dump: error getting database names: (Unauthorized) Command listDatabases requires authentication
Error response from daemon: Could not find the file /tmp/mongodb-backup in container seo-mongodb
Backing up Redis data...
OK
Backing up configuration files...
Compressing backup...
tar: seo-engineering-backup-2025-04-10/redis-dump.rdb: Cannot open: Permission denied
tar: Exiting with failure status due to previous errors
Applying retention policy (14 days)...
Backup completed at Thu 10 Apr 2025 02:00:01 AEST
Backup stored at: /home/tabs/seo-engineering/backups/seo-engineering-backup-2025-04-10.tar.gz
Starting backup process at Fri 11 Apr 2025 02:00:01 AEST
Backing up MongoDB data...
[sudo] password for tabs: 2025-04-10T16:00:02.212+0000	Failed: error creating intents to dump: error getting database names: (Unauthorized) Command listDatabases requires authentication
Error response from daemon: Could not find the file /tmp/mongodb-backup in container seo-mongodb
Backing up Redis data...
OK
Backing up configuration files...
Compressing backup...
tar: seo-engineering-backup-2025-04-11/redis-dump.rdb: Cannot open: Permission denied
tar: Exiting with failure status due to previous errors
Applying retention policy (14 days)...
Backup completed at Fri 11 Apr 2025 02:00:02 AEST
Backup stored at: /home/tabs/seo-engineering/backups/seo-engineering-backup-2025-04-11.tar.gz
Starting backup process at Sat 12 Apr 2025 02:00:01 AEST
Backing up MongoDB data...
[sudo] password for tabs: 2025-04-11T16:00:02.100+0000	Failed: error creating intents to dump: error getting database names: (Unauthorized) Command listDatabases requires authentication
Error response from daemon: Could not find the file /tmp/mongodb-backup in container seo-mongodb
Backing up Redis data...
OK
Backing up configuration files...
Compressing backup...
tar: seo-engineering-backup-2025-04-12/redis-dump.rdb: Cannot open: Permission denied
tar: Exiting with failure status due to previous errors
Applying retention policy (14 days)...
Backup completed at Sat 12 Apr 2025 02:00:02 AEST
Backup stored at: /home/tabs/seo-engineering/backups/seo-engineering-backup-2025-04-12.tar.gz
Starting backup process at Sun 13 Apr 2025 02:00:01 AEST
Backing up MongoDB data...
[sudo] password for tabs: 2025-04-12T16:00:01.471+0000	Failed: error creating intents to dump: error getting database names: (Unauthorized) Command listDatabases requires authentication
Error response from daemon: Could not find the file /tmp/mongodb-backup in container seo-mongodb
Backing up Redis data...
OK
Backing up configuration files...
Compressing backup...
tar: seo-engineering-backup-2025-04-13/redis-dump.rdb: Cannot open: Permission denied
tar: Exiting with failure status due to previous errors
Applying retention policy (14 days)...
Backup completed at Sun 13 Apr 2025 02:00:01 AEST
Backup stored at: /home/tabs/seo-engineering/backups/seo-engineering-backup-2025-04-13.tar.gz
