2025/04/08 18:44:38 [notice] 1#1: using the "epoll" event method
2025/04/08 18:44:38 [notice] 1#1: nginx/1.27.4
2025/04/08 18:44:38 [notice] 1#1: built by gcc 14.2.0 (Alpine 14.2.0) 
2025/04/08 18:44:38 [notice] 1#1: OS: Linux 6.8.0-57-generic
2025/04/08 18:44:38 [notice] 1#1: getrlimit(RLIMIT_NOFILE): 1048576:1048576
2025/04/08 18:44:38 [notice] 1#1: start worker processes
2025/04/08 18:44:38 [notice] 1#1: start worker process 29
2025/04/08 18:44:38 [notice] 1#1: start worker process 30
2025/04/08 18:44:38 [notice] 1#1: start worker process 31
2025/04/08 18:44:38 [notice] 1#1: start worker process 32
2025/04/08 18:44:38 [notice] 1#1: start worker process 33
2025/04/08 18:44:38 [notice] 1#1: start worker process 34
2025/04/08 18:44:38 [notice] 1#1: start worker process 35
2025/04/08 18:44:38 [notice] 1#1: start worker process 36
2025/04/08 18:44:38 [notice] 1#1: start worker process 37
2025/04/08 18:44:38 [notice] 1#1: start worker process 38
2025/04/08 18:44:38 [notice] 1#1: start worker process 39
2025/04/08 18:44:38 [notice] 1#1: start worker process 40
2025/04/08 18:44:38 [notice] 1#1: start worker process 41
2025/04/08 18:44:38 [notice] 1#1: start worker process 42
2025/04/08 18:44:38 [notice] 1#1: start worker process 43
2025/04/08 18:44:38 [notice] 1#1: start worker process 44
2025/04/08 18:45:02 [error] 33#33: *6 user "admin": password mismatch, client: 172.18.0.1, server: seo.engineering, request: "HEAD /n8n HTTP/1.1", host: "localhost"
2025/04/08 18:45:15 [notice] 1#1: signal 3 (SIGQUIT) received, shutting down
2025/04/08 18:45:15 [notice] 29#29: gracefully shutting down
2025/04/08 18:45:15 [notice] 30#30: gracefully shutting down
2025/04/08 18:45:15 [notice] 31#31: gracefully shutting down
2025/04/08 18:45:15 [notice] 33#33: gracefully shutting down
2025/04/08 18:45:15 [notice] 32#32: gracefully shutting down
2025/04/08 18:45:15 [notice] 35#35: gracefully shutting down
2025/04/08 18:45:15 [notice] 34#34: gracefully shutting down
2025/04/08 18:45:15 [notice] 35#35: exiting
2025/04/08 18:45:15 [notice] 36#36: gracefully shutting down
2025/04/08 18:45:15 [notice] 37#37: gracefully shutting down
2025/04/08 18:45:15 [notice] 39#39: gracefully shutting down
2025/04/08 18:45:15 [notice] 38#38: gracefully shutting down
2025/04/08 18:45:15 [notice] 41#41: gracefully shutting down
2025/04/08 18:45:15 [notice] 30#30: exiting
2025/04/08 18:45:15 [notice] 40#40: gracefully shutting down
2025/04/08 18:45:15 [notice] 31#31: exiting
2025/04/08 18:45:15 [notice] 33#33: exiting
2025/04/08 18:45:15 [notice] 32#32: exiting
2025/04/08 18:45:15 [notice] 34#34: exiting
2025/04/08 18:45:15 [notice] 36#36: exiting
2025/04/08 18:45:15 [notice] 37#37: exiting
2025/04/08 18:45:15 [notice] 39#39: exiting
2025/04/08 18:45:15 [notice] 38#38: exiting
2025/04/08 18:45:15 [notice] 41#41: exiting
2025/04/08 18:45:15 [notice] 40#40: exiting
2025/04/08 18:45:15 [notice] 42#42: gracefully shutting down
2025/04/08 18:45:15 [notice] 42#42: exiting
2025/04/08 18:45:15 [notice] 33#33: exit
2025/04/08 18:45:15 [notice] 31#31: exit
2025/04/08 18:45:15 [notice] 30#30: exit
2025/04/08 18:45:15 [notice] 32#32: exit
2025/04/08 18:45:15 [notice] 40#40: exit
2025/04/08 18:45:15 [notice] 34#34: exit
2025/04/08 18:45:15 [notice] 36#36: exit
2025/04/08 18:45:15 [notice] 39#39: exit
2025/04/08 18:45:15 [notice] 41#41: exit
2025/04/08 18:45:15 [notice] 37#37: exit
2025/04/08 18:45:15 [notice] 38#38: exit
2025/04/08 18:45:15 [notice] 42#42: exit
2025/04/08 18:45:15 [notice] 35#35: exit
2025/04/08 18:45:15 [notice] 44#44: gracefully shutting down
2025/04/08 18:45:15 [notice] 44#44: exiting
2025/04/08 18:45:15 [notice] 43#43: gracefully shutting down
2025/04/08 18:45:15 [notice] 43#43: exiting
2025/04/08 18:45:15 [notice] 29#29: exiting
2025/04/08 18:45:15 [notice] 44#44: exit
2025/04/08 18:45:15 [notice] 29#29: exit
2025/04/08 18:45:15 [notice] 43#43: exit
2025/04/08 18:45:15 [notice] 1#1: signal 17 (SIGCHLD) received from 40
2025/04/08 18:45:15 [notice] 1#1: worker process 40 exited with code 0
2025/04/08 18:45:15 [notice] 1#1: signal 29 (SIGIO) received
2025/04/08 18:45:15 [notice] 1#1: signal 17 (SIGCHLD) received from 33
2025/04/08 18:45:15 [notice] 1#1: worker process 33 exited with code 0
2025/04/08 18:45:15 [notice] 1#1: signal 29 (SIGIO) received
2025/04/08 18:45:15 [notice] 1#1: signal 17 (SIGCHLD) received from 31
2025/04/08 18:45:15 [notice] 1#1: worker process 31 exited with code 0
2025/04/08 18:45:15 [notice] 1#1: worker process 38 exited with code 0
2025/04/08 18:45:15 [notice] 1#1: signal 29 (SIGIO) received
2025/04/08 18:45:15 [notice] 1#1: signal 17 (SIGCHLD) received from 38
2025/04/08 18:45:15 [notice] 1#1: signal 17 (SIGCHLD) received from 34
2025/04/08 18:45:15 [notice] 1#1: worker process 34 exited with code 0
2025/04/08 18:45:15 [notice] 1#1: worker process 32 exited with code 0
2025/04/08 18:45:15 [notice] 1#1: signal 29 (SIGIO) received
2025/04/08 18:45:15 [notice] 1#1: signal 17 (SIGCHLD) received from 32
2025/04/08 18:45:15 [notice] 1#1: signal 17 (SIGCHLD) received from 36
2025/04/08 18:45:15 [notice] 1#1: worker process 36 exited with code 0
2025/04/08 18:45:15 [notice] 1#1: signal 29 (SIGIO) received
2025/04/08 18:45:15 [notice] 1#1: signal 17 (SIGCHLD) received from 37
2025/04/08 18:45:15 [notice] 1#1: worker process 37 exited with code 0
2025/04/08 18:45:15 [notice] 1#1: signal 29 (SIGIO) received
2025/04/08 18:45:15 [notice] 1#1: signal 17 (SIGCHLD) received from 41
2025/04/08 18:45:15 [notice] 1#1: worker process 41 exited with code 0
2025/04/08 18:45:15 [notice] 1#1: worker process 43 exited with code 0
2025/04/08 18:45:15 [notice] 1#1: signal 29 (SIGIO) received
2025/04/08 18:45:15 [notice] 1#1: signal 17 (SIGCHLD) received from 35
2025/04/08 18:45:15 [notice] 1#1: worker process 35 exited with code 0
2025/04/08 18:45:15 [notice] 1#1: signal 29 (SIGIO) received
2025/04/08 18:45:15 [notice] 1#1: signal 17 (SIGCHLD) received from 42
2025/04/08 18:45:15 [notice] 1#1: worker process 29 exited with code 0
2025/04/08 18:45:15 [notice] 1#1: worker process 39 exited with code 0
2025/04/08 18:45:15 [notice] 1#1: worker process 42 exited with code 0
2025/04/08 18:45:15 [notice] 1#1: worker process 30 exited with code 0
2025/04/08 18:45:15 [notice] 1#1: signal 29 (SIGIO) received
2025/04/08 18:45:15 [notice] 1#1: signal 17 (SIGCHLD) received from 39
2025/04/08 18:45:15 [notice] 1#1: signal 17 (SIGCHLD) received from 44
2025/04/08 18:45:15 [notice] 1#1: worker process 44 exited with code 0
2025/04/08 18:45:15 [notice] 1#1: exit
2025/04/08 18:45:16 [notice] 1#1: using the "epoll" event method
2025/04/08 18:45:16 [notice] 1#1: nginx/1.27.4
2025/04/08 18:45:16 [notice] 1#1: built by gcc 14.2.0 (Alpine 14.2.0) 
2025/04/08 18:45:16 [notice] 1#1: OS: Linux 6.8.0-57-generic
2025/04/08 18:45:16 [notice] 1#1: getrlimit(RLIMIT_NOFILE): 1048576:1048576
2025/04/08 18:45:16 [notice] 1#1: start worker processes
2025/04/08 18:45:16 [notice] 1#1: start worker process 29
2025/04/08 18:45:16 [notice] 1#1: start worker process 30
2025/04/08 18:45:16 [notice] 1#1: start worker process 31
2025/04/08 18:45:16 [notice] 1#1: start worker process 32
2025/04/08 18:45:16 [notice] 1#1: start worker process 33
2025/04/08 18:45:16 [notice] 1#1: start worker process 34
2025/04/08 18:45:16 [notice] 1#1: start worker process 35
2025/04/08 18:45:16 [notice] 1#1: start worker process 36
2025/04/08 18:45:16 [notice] 1#1: start worker process 37
2025/04/08 18:45:16 [notice] 1#1: start worker process 38
2025/04/08 18:45:16 [notice] 1#1: start worker process 39
2025/04/08 18:45:16 [notice] 1#1: start worker process 40
2025/04/08 18:45:16 [notice] 1#1: start worker process 41
2025/04/08 18:45:16 [notice] 1#1: start worker process 42
2025/04/08 18:45:16 [notice] 1#1: start worker process 43
2025/04/08 18:45:16 [notice] 1#1: start worker process 44
2025/04/08 18:45:19 [error] 29#29: *1 user "admin": password mismatch, client: 172.18.0.1, server: seo.engineering, request: "HEAD /n8n HTTP/1.1", host: "localhost"
2025/04/08 18:46:19 [notice] 1#1: signal 3 (SIGQUIT) received, shutting down
2025/04/08 18:46:19 [notice] 29#29: gracefully shutting down
2025/04/08 18:46:19 [notice] 30#30: gracefully shutting down
2025/04/08 18:46:19 [notice] 31#31: gracefully shutting down
2025/04/08 18:46:19 [notice] 32#32: gracefully shutting down
2025/04/08 18:46:19 [notice] 33#33: gracefully shutting down
2025/04/08 18:46:19 [notice] 34#34: gracefully shutting down
2025/04/08 18:46:19 [notice] 36#36: gracefully shutting down
2025/04/08 18:46:19 [notice] 30#30: exiting
2025/04/08 18:46:19 [notice] 31#31: exiting
2025/04/08 18:46:19 [notice] 38#38: gracefully shutting down
2025/04/08 18:46:19 [notice] 32#32: exiting
2025/04/08 18:46:19 [notice] 33#33: exiting
2025/04/08 18:46:19 [notice] 34#34: exiting
2025/04/08 18:46:19 [notice] 36#36: exiting
2025/04/08 18:46:19 [notice] 38#38: exiting
2025/04/08 18:46:19 [notice] 37#37: gracefully shutting down
2025/04/08 18:46:19 [notice] 41#41: gracefully shutting down
2025/04/08 18:46:19 [notice] 37#37: exiting
2025/04/08 18:46:19 [notice] 41#41: exiting
2025/04/08 18:46:19 [notice] 43#43: gracefully shutting down
2025/04/08 18:46:19 [notice] 43#43: exiting
2025/04/08 18:46:19 [notice] 35#35: gracefully shutting down
2025/04/08 18:46:19 [notice] 35#35: exiting
2025/04/08 18:46:19 [notice] 44#44: gracefully shutting down
2025/04/08 18:46:19 [notice] 33#33: exit
2025/04/08 18:46:19 [notice] 31#31: exit
2025/04/08 18:46:19 [notice] 30#30: exit
2025/04/08 18:46:19 [notice] 44#44: exiting
2025/04/08 18:46:19 [notice] 34#34: exit
2025/04/08 18:46:19 [notice] 38#38: exit
2025/04/08 18:46:19 [notice] 41#41: exit
2025/04/08 18:46:19 [notice] 36#36: exit
2025/04/08 18:46:19 [notice] 35#35: exit
2025/04/08 18:46:19 [notice] 37#37: exit
2025/04/08 18:46:19 [notice] 43#43: exit
2025/04/08 18:46:19 [notice] 42#42: gracefully shutting down
2025/04/08 18:46:19 [notice] 42#42: exiting
2025/04/08 18:46:19 [notice] 44#44: exit
2025/04/08 18:46:19 [notice] 42#42: exit
2025/04/08 18:46:19 [notice] 39#39: gracefully shutting down
2025/04/08 18:46:19 [notice] 39#39: exiting
2025/04/08 18:46:19 [notice] 32#32: exit
2025/04/08 18:46:19 [notice] 39#39: exit
2025/04/08 18:46:19 [notice] 29#29: exiting
2025/04/08 18:46:19 [notice] 40#40: gracefully shutting down
2025/04/08 18:46:19 [notice] 40#40: exiting
2025/04/08 18:46:19 [notice] 29#29: exit
2025/04/08 18:46:19 [notice] 40#40: exit
2025/04/08 18:46:20 [notice] 1#1: signal 17 (SIGCHLD) received from 33
2025/04/08 18:46:20 [notice] 1#1: worker process 33 exited with code 0
2025/04/08 18:46:20 [notice] 1#1: worker process 41 exited with code 0
2025/04/08 18:46:20 [notice] 1#1: worker process 44 exited with code 0
2025/04/08 18:46:20 [notice] 1#1: signal 29 (SIGIO) received
2025/04/08 18:46:20 [notice] 1#1: signal 17 (SIGCHLD) received from 39
2025/04/08 18:46:20 [notice] 1#1: worker process 34 exited with code 0
2025/04/08 18:46:20 [notice] 1#1: worker process 39 exited with code 0
2025/04/08 18:46:20 [notice] 1#1: worker process 40 exited with code 0
2025/04/08 18:46:20 [notice] 1#1: signal 29 (SIGIO) received
2025/04/08 18:46:20 [notice] 1#1: signal 17 (SIGCHLD) received from 40
2025/04/08 18:46:20 [notice] 1#1: signal 17 (SIGCHLD) received from 42
2025/04/08 18:46:20 [notice] 1#1: worker process 42 exited with code 0
2025/04/08 18:46:20 [notice] 1#1: signal 29 (SIGIO) received
2025/04/08 18:46:20 [notice] 1#1: signal 17 (SIGCHLD) received from 43
2025/04/08 18:46:20 [notice] 1#1: worker process 43 exited with code 0
2025/04/08 18:46:20 [notice] 1#1: signal 29 (SIGIO) received
2025/04/08 18:46:20 [notice] 1#1: signal 17 (SIGCHLD) received from 36
2025/04/08 18:46:20 [notice] 1#1: worker process 31 exited with code 0
2025/04/08 18:46:20 [notice] 1#1: worker process 36 exited with code 0
2025/04/08 18:46:20 [notice] 1#1: worker process 38 exited with code 0
2025/04/08 18:46:20 [notice] 1#1: signal 29 (SIGIO) received
2025/04/08 18:46:20 [notice] 1#1: signal 17 (SIGCHLD) received from 38
2025/04/08 18:46:20 [notice] 1#1: signal 17 (SIGCHLD) received from 32
2025/04/08 18:46:20 [notice] 1#1: worker process 29 exited with code 0
2025/04/08 18:46:20 [notice] 1#1: worker process 32 exited with code 0
2025/04/08 18:46:20 [notice] 1#1: signal 29 (SIGIO) received
2025/04/08 18:46:20 [notice] 1#1: signal 17 (SIGCHLD) received from 35
2025/04/08 18:46:20 [notice] 1#1: worker process 35 exited with code 0
2025/04/08 18:46:20 [notice] 1#1: worker process 37 exited with code 0
2025/04/08 18:46:20 [notice] 1#1: signal 29 (SIGIO) received
2025/04/08 18:46:20 [notice] 1#1: signal 17 (SIGCHLD) received from 37
2025/04/08 18:46:20 [notice] 1#1: signal 17 (SIGCHLD) received from 30
2025/04/08 18:46:20 [notice] 1#1: worker process 30 exited with code 0
2025/04/08 18:46:20 [notice] 1#1: exit
2025/04/08 18:46:20 [notice] 1#1: using the "epoll" event method
2025/04/08 18:46:20 [notice] 1#1: nginx/1.27.4
2025/04/08 18:46:20 [notice] 1#1: built by gcc 14.2.0 (Alpine 14.2.0) 
2025/04/08 18:46:20 [notice] 1#1: OS: Linux 6.8.0-57-generic
2025/04/08 18:46:20 [notice] 1#1: getrlimit(RLIMIT_NOFILE): 1048576:1048576
2025/04/08 18:46:20 [notice] 1#1: start worker processes
2025/04/08 18:46:20 [notice] 1#1: start worker process 29
2025/04/08 18:46:20 [notice] 1#1: start worker process 30
2025/04/08 18:46:20 [notice] 1#1: start worker process 31
2025/04/08 18:46:20 [notice] 1#1: start worker process 32
2025/04/08 18:46:20 [notice] 1#1: start worker process 33
2025/04/08 18:46:20 [notice] 1#1: start worker process 34
2025/04/08 18:46:20 [notice] 1#1: start worker process 35
2025/04/08 18:46:20 [notice] 1#1: start worker process 36
2025/04/08 18:46:20 [notice] 1#1: start worker process 37
2025/04/08 18:46:20 [notice] 1#1: start worker process 38
2025/04/08 18:46:20 [notice] 1#1: start worker process 39
2025/04/08 18:46:20 [notice] 1#1: start worker process 40
2025/04/08 18:46:20 [notice] 1#1: start worker process 41
2025/04/08 18:46:20 [notice] 1#1: start worker process 42
2025/04/08 18:46:20 [notice] 1#1: start worker process 43
2025/04/08 18:46:20 [notice] 1#1: start worker process 44
2025/04/08 18:46:49 [notice] 1#1: signal 3 (SIGQUIT) received, shutting down
2025/04/08 18:46:49 [notice] 30#30: gracefully shutting down
2025/04/08 18:46:49 [notice] 29#29: gracefully shutting down
2025/04/08 18:46:49 [notice] 31#31: gracefully shutting down
2025/04/08 18:46:49 [notice] 32#32: gracefully shutting down
2025/04/08 18:46:49 [notice] 34#34: gracefully shutting down
2025/04/08 18:46:49 [notice] 33#33: gracefully shutting down
2025/04/08 18:46:49 [notice] 35#35: gracefully shutting down
2025/04/08 18:46:49 [notice] 38#38: gracefully shutting down
2025/04/08 18:46:49 [notice] 36#36: gracefully shutting down
2025/04/08 18:46:49 [notice] 37#37: gracefully shutting down
2025/04/08 18:46:49 [notice] 39#39: gracefully shutting down
2025/04/08 18:46:49 [notice] 29#29: exiting
2025/04/08 18:46:49 [notice] 31#31: exiting
2025/04/08 18:46:49 [notice] 40#40: gracefully shutting down
2025/04/08 18:46:49 [notice] 32#32: exiting
2025/04/08 18:46:49 [notice] 34#34: exiting
2025/04/08 18:46:49 [notice] 33#33: exiting
2025/04/08 18:46:49 [notice] 35#35: exiting
2025/04/08 18:46:49 [notice] 38#38: exiting
2025/04/08 18:46:49 [notice] 30#30: exiting
2025/04/08 18:46:49 [notice] 36#36: exiting
2025/04/08 18:46:49 [notice] 37#37: exiting
2025/04/08 18:46:49 [notice] 39#39: exiting
2025/04/08 18:46:49 [notice] 40#40: exiting
2025/04/08 18:46:49 [notice] 41#41: gracefully shutting down
2025/04/08 18:46:49 [notice] 41#41: exiting
2025/04/08 18:46:49 [notice] 42#42: gracefully shutting down
2025/04/08 18:46:49 [notice] 42#42: exiting
2025/04/08 18:46:49 [notice] 34#34: exit
2025/04/08 18:46:49 [notice] 38#38: exit
2025/04/08 18:46:49 [notice] 36#36: exit
2025/04/08 18:46:49 [notice] 31#31: exit
2025/04/08 18:46:49 [notice] 40#40: exit
2025/04/08 18:46:49 [notice] 32#32: exit
2025/04/08 18:46:49 [notice] 29#29: exit
2025/04/08 18:46:49 [notice] 30#30: exit
2025/04/08 18:46:49 [notice] 33#33: exit
2025/04/08 18:46:49 [notice] 37#37: exit
2025/04/08 18:46:49 [notice] 35#35: exit
2025/04/08 18:46:49 [notice] 39#39: exit
2025/04/08 18:46:49 [notice] 41#41: exit
2025/04/08 18:46:49 [notice] 42#42: exit
2025/04/08 18:46:49 [notice] 43#43: gracefully shutting down
2025/04/08 18:46:49 [notice] 44#44: gracefully shutting down
2025/04/08 18:46:49 [notice] 43#43: exiting
2025/04/08 18:46:49 [notice] 44#44: exiting
2025/04/08 18:46:49 [notice] 43#43: exit
2025/04/08 18:46:49 [notice] 44#44: exit
2025/04/08 18:46:49 [notice] 1#1: signal 17 (SIGCHLD) received from 37
2025/04/08 18:46:49 [notice] 1#1: worker process 37 exited with code 0
2025/04/08 18:46:49 [notice] 1#1: worker process 41 exited with code 0
2025/04/08 18:46:49 [notice] 1#1: signal 29 (SIGIO) received
2025/04/08 18:46:49 [notice] 1#1: signal 17 (SIGCHLD) received from 33
2025/04/08 18:46:49 [notice] 1#1: worker process 33 exited with code 0
2025/04/08 18:46:49 [notice] 1#1: signal 29 (SIGIO) received
2025/04/08 18:46:49 [notice] 1#1: signal 17 (SIGCHLD) received from 32
2025/04/08 18:46:49 [notice] 1#1: worker process 32 exited with code 0
2025/04/08 18:46:49 [notice] 1#1: worker process 34 exited with code 0
2025/04/08 18:46:49 [notice] 1#1: worker process 39 exited with code 0
2025/04/08 18:46:49 [notice] 1#1: signal 29 (SIGIO) received
2025/04/08 18:46:49 [notice] 1#1: signal 17 (SIGCHLD) received from 40
2025/04/08 18:46:49 [notice] 1#1: worker process 40 exited with code 0
2025/04/08 18:46:49 [notice] 1#1: signal 29 (SIGIO) received
2025/04/08 18:46:49 [notice] 1#1: signal 17 (SIGCHLD) received from 42
2025/04/08 18:46:49 [notice] 1#1: worker process 42 exited with code 0
2025/04/08 18:46:49 [notice] 1#1: signal 29 (SIGIO) received
2025/04/08 18:46:49 [notice] 1#1: signal 17 (SIGCHLD) received from 35
2025/04/08 18:46:49 [notice] 1#1: worker process 35 exited with code 0
2025/04/08 18:46:49 [notice] 1#1: worker process 43 exited with code 0
2025/04/08 18:46:49 [notice] 1#1: signal 17 (SIGCHLD) received from 43
2025/04/08 18:46:49 [notice] 1#1: signal 29 (SIGIO) received
2025/04/08 18:46:49 [notice] 1#1: signal 17 (SIGCHLD) received from 38
2025/04/08 18:46:49 [notice] 1#1: worker process 38 exited with code 0
2025/04/08 18:46:49 [notice] 1#1: worker process 44 exited with code 0
2025/04/08 18:46:49 [notice] 1#1: signal 29 (SIGIO) received
2025/04/08 18:46:49 [notice] 1#1: signal 17 (SIGCHLD) received from 30
2025/04/08 18:46:49 [notice] 1#1: worker process 30 exited with code 0
2025/04/08 18:46:49 [notice] 1#1: signal 29 (SIGIO) received
2025/04/08 18:46:49 [notice] 1#1: signal 17 (SIGCHLD) received from 31
2025/04/08 18:46:49 [notice] 1#1: worker process 31 exited with code 0
2025/04/08 18:46:49 [notice] 1#1: signal 29 (SIGIO) received
2025/04/08 18:46:49 [notice] 1#1: signal 17 (SIGCHLD) received from 29
2025/04/08 18:46:49 [notice] 1#1: worker process 29 exited with code 0
2025/04/08 18:46:49 [notice] 1#1: signal 29 (SIGIO) received
2025/04/08 18:46:50 [notice] 1#1: signal 17 (SIGCHLD) received from 36
2025/04/08 18:46:50 [notice] 1#1: worker process 36 exited with code 0
2025/04/08 18:46:50 [notice] 1#1: exit
2025/04/08 18:46:50 [notice] 1#1: using the "epoll" event method
2025/04/08 18:46:50 [notice] 1#1: nginx/1.27.4
2025/04/08 18:46:50 [notice] 1#1: built by gcc 14.2.0 (Alpine 14.2.0) 
2025/04/08 18:46:50 [notice] 1#1: OS: Linux 6.8.0-57-generic
2025/04/08 18:46:50 [notice] 1#1: getrlimit(RLIMIT_NOFILE): 1048576:1048576
2025/04/08 18:46:50 [notice] 1#1: start worker processes
2025/04/08 18:46:50 [notice] 1#1: start worker process 29
2025/04/08 18:46:50 [notice] 1#1: start worker process 30
2025/04/08 18:46:50 [notice] 1#1: start worker process 31
2025/04/08 18:46:50 [notice] 1#1: start worker process 32
2025/04/08 18:46:50 [notice] 1#1: start worker process 33
2025/04/08 18:46:50 [notice] 1#1: start worker process 34
2025/04/08 18:46:50 [notice] 1#1: start worker process 35
2025/04/08 18:46:50 [notice] 1#1: start worker process 36
2025/04/08 18:46:50 [notice] 1#1: start worker process 37
2025/04/08 18:46:50 [notice] 1#1: start worker process 38
2025/04/08 18:46:50 [notice] 1#1: start worker process 39
2025/04/08 18:46:50 [notice] 1#1: start worker process 40
2025/04/08 18:46:50 [notice] 1#1: start worker process 41
2025/04/08 18:46:50 [notice] 1#1: start worker process 42
2025/04/08 18:46:50 [notice] 1#1: start worker process 43
2025/04/08 18:46:50 [notice] 1#1: start worker process 44
2025/04/08 18:50:44 [notice] 1#1: signal 3 (SIGQUIT) received, shutting down
2025/04/08 18:50:44 [notice] 30#30: gracefully shutting down
2025/04/08 18:50:44 [notice] 29#29: gracefully shutting down
2025/04/08 18:50:44 [notice] 32#32: gracefully shutting down
2025/04/08 18:50:44 [notice] 37#37: gracefully shutting down
2025/04/08 18:50:44 [notice] 29#29: exiting
2025/04/08 18:50:44 [notice] 32#32: exiting
2025/04/08 18:50:44 [notice] 33#33: gracefully shutting down
2025/04/08 18:50:44 [notice] 37#37: exiting
2025/04/08 18:50:44 [notice] 30#30: exiting
2025/04/08 18:50:44 [notice] 33#33: exiting
2025/04/08 18:50:44 [notice] 36#36: gracefully shutting down
2025/04/08 18:50:44 [notice] 34#34: gracefully shutting down
2025/04/08 18:50:44 [notice] 36#36: exiting
2025/04/08 18:50:44 [notice] 34#34: exiting
2025/04/08 18:50:44 [notice] 38#38: gracefully shutting down
2025/04/08 18:50:44 [notice] 38#38: exiting
2025/04/08 18:50:44 [notice] 30#30: exit
2025/04/08 18:50:44 [notice] 32#32: exit
2025/04/08 18:50:44 [notice] 29#29: exit
2025/04/08 18:50:44 [notice] 37#37: exit
2025/04/08 18:50:44 [notice] 33#33: exit
2025/04/08 18:50:44 [notice] 36#36: exit
2025/04/08 18:50:44 [notice] 34#34: exit
2025/04/08 18:50:44 [notice] 38#38: exit
2025/04/08 18:50:44 [notice] 35#35: gracefully shutting down
2025/04/08 18:50:44 [notice] 35#35: exiting
2025/04/08 18:50:44 [notice] 35#35: exit
2025/04/08 18:50:44 [notice] 31#31: gracefully shutting down
2025/04/08 18:50:44 [notice] 41#41: gracefully shutting down
2025/04/08 18:50:44 [notice] 40#40: gracefully shutting down
2025/04/08 18:50:44 [notice] 31#31: exiting
2025/04/08 18:50:44 [notice] 41#41: exiting
2025/04/08 18:50:44 [notice] 40#40: exiting
2025/04/08 18:50:44 [notice] 39#39: gracefully shutting down
2025/04/08 18:50:44 [notice] 43#43: gracefully shutting down
2025/04/08 18:50:44 [notice] 39#39: exiting
2025/04/08 18:50:44 [notice] 43#43: exiting
2025/04/08 18:50:44 [notice] 42#42: gracefully shutting down
2025/04/08 18:50:44 [notice] 42#42: exiting
2025/04/08 18:50:44 [notice] 40#40: exit
2025/04/08 18:50:44 [notice] 41#41: exit
2025/04/08 18:50:44 [notice] 31#31: exit
2025/04/08 18:50:44 [notice] 44#44: gracefully shutting down
2025/04/08 18:50:44 [notice] 43#43: exit
2025/04/08 18:50:44 [notice] 39#39: exit
2025/04/08 18:50:44 [notice] 44#44: exiting
2025/04/08 18:50:44 [notice] 42#42: exit
2025/04/08 18:50:44 [notice] 44#44: exit
2025/04/08 18:50:44 [notice] 1#1: signal 17 (SIGCHLD) received from 31
2025/04/08 18:50:44 [notice] 1#1: worker process 29 exited with code 0
2025/04/08 18:50:44 [notice] 1#1: worker process 31 exited with code 0
2025/04/08 18:50:44 [notice] 1#1: worker process 36 exited with code 0
2025/04/08 18:50:44 [notice] 1#1: signal 29 (SIGIO) received
2025/04/08 18:50:44 [notice] 1#1: signal 17 (SIGCHLD) received from 37
2025/04/08 18:50:44 [notice] 1#1: worker process 37 exited with code 0
2025/04/08 18:50:44 [notice] 1#1: worker process 32 exited with code 0
2025/04/08 18:50:44 [notice] 1#1: signal 29 (SIGIO) received
2025/04/08 18:50:44 [notice] 1#1: signal 17 (SIGCHLD) received from 32
2025/04/08 18:50:44 [notice] 1#1: signal 17 (SIGCHLD) received from 33
2025/04/08 18:50:44 [notice] 1#1: worker process 33 exited with code 0
2025/04/08 18:50:44 [notice] 1#1: signal 29 (SIGIO) received
2025/04/08 18:50:44 [notice] 1#1: signal 17 (SIGCHLD) received from 38
2025/04/08 18:50:44 [notice] 1#1: worker process 38 exited with code 0
2025/04/08 18:50:44 [notice] 1#1: signal 29 (SIGIO) received
2025/04/08 18:50:44 [notice] 1#1: signal 17 (SIGCHLD) received from 40
2025/04/08 18:50:44 [notice] 1#1: worker process 35 exited with code 0
2025/04/08 18:50:44 [notice] 1#1: worker process 40 exited with code 0
2025/04/08 18:50:44 [notice] 1#1: worker process 43 exited with code 0
2025/04/08 18:50:44 [notice] 1#1: signal 29 (SIGIO) received
2025/04/08 18:50:44 [notice] 1#1: signal 17 (SIGCHLD) received from 35
2025/04/08 18:50:44 [notice] 1#1: signal 17 (SIGCHLD) received from 34
2025/04/08 18:50:44 [notice] 1#1: worker process 34 exited with code 0
2025/04/08 18:50:44 [notice] 1#1: worker process 41 exited with code 0
2025/04/08 18:50:44 [notice] 1#1: signal 29 (SIGIO) received
2025/04/08 18:50:44 [notice] 1#1: signal 17 (SIGCHLD) received from 44
2025/04/08 18:50:44 [notice] 1#1: worker process 44 exited with code 0
2025/04/08 18:50:44 [notice] 1#1: signal 29 (SIGIO) received
2025/04/08 18:50:44 [notice] 1#1: signal 17 (SIGCHLD) received from 39
2025/04/08 18:50:44 [notice] 1#1: worker process 30 exited with code 0
2025/04/08 18:50:44 [notice] 1#1: worker process 39 exited with code 0
2025/04/08 18:50:44 [notice] 1#1: worker process 42 exited with code 0
2025/04/08 18:50:44 [notice] 1#1: exit
2025/04/08 18:50:55 [notice] 1#1: using the "epoll" event method
2025/04/08 18:50:55 [notice] 1#1: nginx/1.27.4
2025/04/08 18:50:55 [notice] 1#1: built by gcc 14.2.0 (Alpine 14.2.0) 
2025/04/08 18:50:55 [notice] 1#1: OS: Linux 6.8.0-57-generic
2025/04/08 18:50:55 [notice] 1#1: getrlimit(RLIMIT_NOFILE): 1048576:1048576
2025/04/08 18:50:55 [notice] 1#1: start worker processes
2025/04/08 18:50:55 [notice] 1#1: start worker process 29
2025/04/08 18:50:55 [notice] 1#1: start worker process 30
2025/04/08 18:50:55 [notice] 1#1: start worker process 31
2025/04/08 18:50:55 [notice] 1#1: start worker process 32
2025/04/08 18:50:55 [notice] 1#1: start worker process 33
2025/04/08 18:50:55 [notice] 1#1: start worker process 34
2025/04/08 18:50:55 [notice] 1#1: start worker process 35
2025/04/08 18:50:55 [notice] 1#1: start worker process 36
2025/04/08 18:50:55 [notice] 1#1: start worker process 37
2025/04/08 18:50:55 [notice] 1#1: start worker process 38
2025/04/08 18:50:55 [notice] 1#1: start worker process 39
2025/04/08 18:50:55 [notice] 1#1: start worker process 40
2025/04/08 18:50:55 [notice] 1#1: start worker process 41
2025/04/08 18:50:55 [notice] 1#1: start worker process 42
2025/04/08 18:50:55 [notice] 1#1: start worker process 43
2025/04/08 18:50:55 [notice] 1#1: start worker process 44
2025/04/08 18:51:17 [notice] 1#1: signal 3 (SIGQUIT) received, shutting down
2025/04/08 18:51:17 [notice] 29#29: gracefully shutting down
2025/04/08 18:51:17 [notice] 31#31: gracefully shutting down
2025/04/08 18:51:17 [notice] 34#34: gracefully shutting down
2025/04/08 18:51:17 [notice] 30#30: gracefully shutting down
2025/04/08 18:51:17 [notice] 32#32: gracefully shutting down
2025/04/08 18:51:17 [notice] 35#35: gracefully shutting down
2025/04/08 18:51:17 [notice] 33#33: gracefully shutting down
2025/04/08 18:51:17 [notice] 36#36: gracefully shutting down
2025/04/08 18:51:17 [notice] 41#41: gracefully shutting down
2025/04/08 18:51:17 [notice] 34#34: exiting
2025/04/08 18:51:17 [notice] 31#31: exiting
2025/04/08 18:51:17 [notice] 30#30: exiting
2025/04/08 18:51:17 [notice] 37#37: gracefully shutting down
2025/04/08 18:51:17 [notice] 32#32: exiting
2025/04/08 18:51:17 [notice] 35#35: exiting
2025/04/08 18:51:17 [notice] 33#33: exiting
2025/04/08 18:51:17 [notice] 36#36: exiting
2025/04/08 18:51:17 [notice] 41#41: exiting
2025/04/08 18:51:17 [notice] 37#37: exiting
2025/04/08 18:51:17 [notice] 29#29: exiting
2025/04/08 18:51:17 [notice] 38#38: gracefully shutting down
2025/04/08 18:51:17 [notice] 38#38: exiting
2025/04/08 18:51:17 [notice] 39#39: gracefully shutting down
2025/04/08 18:51:17 [notice] 39#39: exiting
2025/04/08 18:51:17 [notice] 32#32: exit
2025/04/08 18:51:17 [notice] 35#35: exit
2025/04/08 18:51:17 [notice] 40#40: gracefully shutting down
2025/04/08 18:51:17 [notice] 33#33: exit
2025/04/08 18:51:17 [notice] 34#34: exit
2025/04/08 18:51:17 [notice] 36#36: exit
2025/04/08 18:51:17 [notice] 40#40: exiting
2025/04/08 18:51:17 [notice] 31#31: exit
2025/04/08 18:51:17 [notice] 30#30: exit
2025/04/08 18:51:17 [notice] 41#41: exit
2025/04/08 18:51:17 [notice] 42#42: gracefully shutting down
2025/04/08 18:51:17 [notice] 42#42: exiting
2025/04/08 18:51:17 [notice] 38#38: exit
2025/04/08 18:51:17 [notice] 29#29: exit
2025/04/08 18:51:17 [notice] 40#40: exit
2025/04/08 18:51:17 [notice] 39#39: exit
2025/04/08 18:51:17 [notice] 42#42: exit
2025/04/08 18:51:17 [notice] 43#43: gracefully shutting down
2025/04/08 18:51:17 [notice] 44#44: gracefully shutting down
2025/04/08 18:51:17 [notice] 43#43: exiting
2025/04/08 18:51:17 [notice] 44#44: exiting
2025/04/08 18:51:17 [notice] 37#37: exit
2025/04/08 18:51:17 [notice] 43#43: exit
2025/04/08 18:51:17 [notice] 44#44: exit
2025/04/08 18:51:17 [notice] 1#1: signal 17 (SIGCHLD) received from 40
2025/04/08 18:51:17 [notice] 1#1: worker process 40 exited with code 0
2025/04/08 18:51:17 [notice] 1#1: signal 29 (SIGIO) received
2025/04/08 18:51:17 [notice] 1#1: signal 17 (SIGCHLD) received from 31
2025/04/08 18:51:17 [notice] 1#1: worker process 31 exited with code 0
2025/04/08 18:51:17 [notice] 1#1: worker process 34 exited with code 0
2025/04/08 18:51:17 [notice] 1#1: worker process 43 exited with code 0
2025/04/08 18:51:17 [notice] 1#1: signal 29 (SIGIO) received
2025/04/08 18:51:17 [notice] 1#1: signal 17 (SIGCHLD) received from 34
2025/04/08 18:51:17 [notice] 1#1: signal 17 (SIGCHLD) received from 39
2025/04/08 18:51:17 [notice] 1#1: worker process 39 exited with code 0
2025/04/08 18:51:17 [notice] 1#1: signal 29 (SIGIO) received
2025/04/08 18:51:17 [notice] 1#1: signal 17 (SIGCHLD) received from 32
2025/04/08 18:51:17 [notice] 1#1: worker process 32 exited with code 0
2025/04/08 18:51:17 [notice] 1#1: signal 29 (SIGIO) received
2025/04/08 18:51:17 [notice] 1#1: signal 17 (SIGCHLD) received from 33
2025/04/08 18:51:17 [notice] 1#1: worker process 33 exited with code 0
2025/04/08 18:51:17 [notice] 1#1: signal 29 (SIGIO) received
2025/04/08 18:51:17 [notice] 1#1: signal 17 (SIGCHLD) received from 35
2025/04/08 18:51:17 [notice] 1#1: worker process 35 exited with code 0
2025/04/08 18:51:17 [notice] 1#1: signal 29 (SIGIO) received
2025/04/08 18:51:17 [notice] 1#1: signal 17 (SIGCHLD) received from 41
2025/04/08 18:51:17 [notice] 1#1: worker process 41 exited with code 0
2025/04/08 18:51:17 [notice] 1#1: signal 29 (SIGIO) received
2025/04/08 18:51:17 [notice] 1#1: signal 17 (SIGCHLD) received from 42
2025/04/08 18:51:17 [notice] 1#1: worker process 38 exited with code 0
2025/04/08 18:51:17 [notice] 1#1: worker process 42 exited with code 0
2025/04/08 18:51:17 [notice] 1#1: worker process 44 exited with code 0
2025/04/08 18:51:17 [notice] 1#1: signal 29 (SIGIO) received
2025/04/08 18:51:17 [notice] 1#1: signal 17 (SIGCHLD) received from 36
2025/04/08 18:51:17 [notice] 1#1: worker process 36 exited with code 0
2025/04/08 18:51:17 [notice] 1#1: signal 29 (SIGIO) received
2025/04/08 18:51:17 [notice] 1#1: signal 17 (SIGCHLD) received from 30
2025/04/08 18:51:17 [notice] 1#1: worker process 30 exited with code 0
2025/04/08 18:51:17 [notice] 1#1: signal 29 (SIGIO) received
2025/04/08 18:51:17 [notice] 1#1: signal 17 (SIGCHLD) received from 37
2025/04/08 18:51:17 [notice] 1#1: worker process 37 exited with code 0
2025/04/08 18:51:17 [notice] 1#1: signal 29 (SIGIO) received
2025/04/08 18:51:17 [notice] 1#1: signal 17 (SIGCHLD) received from 29
2025/04/08 18:51:17 [notice] 1#1: worker process 29 exited with code 0
2025/04/08 18:51:17 [notice] 1#1: exit
2025/04/08 18:51:18 [notice] 1#1: using the "epoll" event method
2025/04/08 18:51:18 [notice] 1#1: nginx/1.27.4
2025/04/08 18:51:18 [notice] 1#1: built by gcc 14.2.0 (Alpine 14.2.0) 
2025/04/08 18:51:18 [notice] 1#1: OS: Linux 6.8.0-57-generic
2025/04/08 18:51:18 [notice] 1#1: getrlimit(RLIMIT_NOFILE): 1048576:1048576
2025/04/08 18:51:18 [notice] 1#1: start worker processes
2025/04/08 18:51:18 [notice] 1#1: start worker process 29
2025/04/08 18:51:18 [notice] 1#1: start worker process 30
2025/04/08 18:51:18 [notice] 1#1: start worker process 31
2025/04/08 18:51:18 [notice] 1#1: start worker process 32
2025/04/08 18:51:18 [notice] 1#1: start worker process 33
2025/04/08 18:51:18 [notice] 1#1: start worker process 34
2025/04/08 18:51:18 [notice] 1#1: start worker process 35
2025/04/08 18:51:18 [notice] 1#1: start worker process 36
2025/04/08 18:51:18 [notice] 1#1: start worker process 37
2025/04/08 18:51:18 [notice] 1#1: start worker process 38
2025/04/08 18:51:18 [notice] 1#1: start worker process 39
2025/04/08 18:51:18 [notice] 1#1: start worker process 40
2025/04/08 18:51:18 [notice] 1#1: start worker process 41
2025/04/08 18:51:18 [notice] 1#1: start worker process 42
2025/04/08 18:51:18 [notice] 1#1: start worker process 43
2025/04/08 18:51:18 [notice] 1#1: start worker process 44
2025/04/08 18:59:03 [error] 30#30: *34 user "admin": password mismatch, client: 172.18.0.1, server: seo.engineering, request: "HEAD /n8n/ HTTP/1.1", host: "localhost"
2025/04/08 18:59:20 [notice] 1#1: signal 3 (SIGQUIT) received, shutting down
2025/04/08 18:59:20 [notice] 29#29: gracefully shutting down
2025/04/08 18:59:20 [notice] 30#30: gracefully shutting down
2025/04/08 18:59:20 [notice] 31#31: gracefully shutting down
2025/04/08 18:59:20 [notice] 33#33: gracefully shutting down
2025/04/08 18:59:20 [notice] 32#32: gracefully shutting down
2025/04/08 18:59:20 [notice] 34#34: gracefully shutting down
2025/04/08 18:59:20 [notice] 35#35: gracefully shutting down
2025/04/08 18:59:20 [notice] 30#30: exiting
2025/04/08 18:59:20 [notice] 36#36: gracefully shutting down
2025/04/08 18:59:20 [notice] 38#38: gracefully shutting down
2025/04/08 18:59:20 [notice] 31#31: exiting
2025/04/08 18:59:20 [notice] 39#39: gracefully shutting down
2025/04/08 18:59:20 [notice] 33#33: exiting
2025/04/08 18:59:20 [notice] 32#32: exiting
2025/04/08 18:59:20 [notice] 43#43: gracefully shutting down
2025/04/08 18:59:20 [notice] 34#34: exiting
2025/04/08 18:59:20 [notice] 42#42: gracefully shutting down
2025/04/08 18:59:20 [notice] 36#36: exiting
2025/04/08 18:59:20 [notice] 37#37: gracefully shutting down
2025/04/08 18:59:20 [notice] 38#38: exiting
2025/04/08 18:59:20 [notice] 39#39: exiting
2025/04/08 18:59:20 [notice] 43#43: exiting
2025/04/08 18:59:20 [notice] 42#42: exiting
2025/04/08 18:59:20 [notice] 37#37: exiting
2025/04/08 18:59:20 [notice] 40#40: gracefully shutting down
2025/04/08 18:59:20 [notice] 40#40: exiting
2025/04/08 18:59:20 [notice] 41#41: gracefully shutting down
2025/04/08 18:59:20 [notice] 41#41: exiting
2025/04/08 18:59:20 [notice] 33#33: exit
2025/04/08 18:59:20 [notice] 30#30: exit
2025/04/08 18:59:20 [notice] 36#36: exit
2025/04/08 18:59:20 [notice] 43#43: exit
2025/04/08 18:59:20 [notice] 38#38: exit
2025/04/08 18:59:20 [notice] 37#37: exit
2025/04/08 18:59:20 [notice] 39#39: exit
2025/04/08 18:59:20 [notice] 31#31: exit
2025/04/08 18:59:20 [notice] 32#32: exit
2025/04/08 18:59:20 [notice] 40#40: exit
2025/04/08 18:59:20 [notice] 34#34: exit
2025/04/08 18:59:20 [notice] 42#42: exit
2025/04/08 18:59:20 [notice] 41#41: exit
2025/04/08 18:59:20 [notice] 29#29: exiting
2025/04/08 18:59:20 [notice] 29#29: exit
2025/04/08 18:59:20 [notice] 35#35: exiting
2025/04/08 18:59:20 [notice] 44#44: gracefully shutting down
2025/04/08 18:59:20 [notice] 44#44: exiting
2025/04/08 18:59:20 [notice] 35#35: exit
2025/04/08 18:59:20 [notice] 44#44: exit
2025/04/08 18:59:20 [notice] 1#1: signal 17 (SIGCHLD) received from 32
2025/04/08 18:59:20 [notice] 1#1: worker process 32 exited with code 0
2025/04/08 18:59:20 [notice] 1#1: worker process 29 exited with code 0
2025/04/08 18:59:20 [notice] 1#1: worker process 30 exited with code 0
2025/04/08 18:59:20 [notice] 1#1: worker process 37 exited with code 0
2025/04/08 18:59:20 [notice] 1#1: worker process 41 exited with code 0
2025/04/08 18:59:20 [notice] 1#1: worker process 42 exited with code 0
2025/04/08 18:59:20 [notice] 1#1: signal 29 (SIGIO) received
2025/04/08 18:59:20 [notice] 1#1: signal 17 (SIGCHLD) received from 42
2025/04/08 18:59:20 [notice] 1#1: signal 17 (SIGCHLD) received from 40
2025/04/08 18:59:20 [notice] 1#1: worker process 39 exited with code 0
2025/04/08 18:59:20 [notice] 1#1: worker process 40 exited with code 0
2025/04/08 18:59:20 [notice] 1#1: signal 29 (SIGIO) received
2025/04/08 18:59:20 [notice] 1#1: signal 17 (SIGCHLD) received from 38
2025/04/08 18:59:20 [notice] 1#1: worker process 38 exited with code 0
2025/04/08 18:59:20 [notice] 1#1: worker process 34 exited with code 0
2025/04/08 18:59:20 [notice] 1#1: signal 29 (SIGIO) received
2025/04/08 18:59:20 [notice] 1#1: signal 17 (SIGCHLD) received from 34
2025/04/08 18:59:20 [notice] 1#1: signal 17 (SIGCHLD) received from 44
2025/04/08 18:59:20 [notice] 1#1: worker process 31 exited with code 0
2025/04/08 18:59:20 [notice] 1#1: worker process 36 exited with code 0
2025/04/08 18:59:20 [notice] 1#1: worker process 44 exited with code 0
2025/04/08 18:59:20 [notice] 1#1: signal 29 (SIGIO) received
2025/04/08 18:59:20 [notice] 1#1: signal 17 (SIGCHLD) received from 31
2025/04/08 18:59:20 [notice] 1#1: signal 17 (SIGCHLD) received from 43
2025/04/08 18:59:20 [notice] 1#1: worker process 43 exited with code 0
2025/04/08 18:59:20 [notice] 1#1: signal 29 (SIGIO) received
2025/04/08 18:59:20 [notice] 1#1: signal 17 (SIGCHLD) received from 33
2025/04/08 18:59:20 [notice] 1#1: worker process 33 exited with code 0
2025/04/08 18:59:20 [notice] 1#1: worker process 35 exited with code 0
2025/04/08 18:59:20 [notice] 1#1: exit
2025/04/08 18:59:20 [notice] 1#1: using the "epoll" event method
2025/04/08 18:59:20 [notice] 1#1: nginx/1.27.4
2025/04/08 18:59:20 [notice] 1#1: built by gcc 14.2.0 (Alpine 14.2.0) 
2025/04/08 18:59:20 [notice] 1#1: OS: Linux 6.8.0-57-generic
2025/04/08 18:59:20 [notice] 1#1: getrlimit(RLIMIT_NOFILE): 1048576:1048576
2025/04/08 18:59:20 [notice] 1#1: start worker processes
2025/04/08 18:59:20 [notice] 1#1: start worker process 29
2025/04/08 18:59:20 [notice] 1#1: start worker process 30
2025/04/08 18:59:20 [notice] 1#1: start worker process 31
2025/04/08 18:59:20 [notice] 1#1: start worker process 32
2025/04/08 18:59:20 [notice] 1#1: start worker process 33
2025/04/08 18:59:20 [notice] 1#1: start worker process 34
2025/04/08 18:59:20 [notice] 1#1: start worker process 35
2025/04/08 18:59:20 [notice] 1#1: start worker process 36
2025/04/08 18:59:20 [notice] 1#1: start worker process 37
2025/04/08 18:59:20 [notice] 1#1: start worker process 38
2025/04/08 18:59:20 [notice] 1#1: start worker process 39
2025/04/08 18:59:20 [notice] 1#1: start worker process 40
2025/04/08 18:59:20 [notice] 1#1: start worker process 41
2025/04/08 18:59:20 [notice] 1#1: start worker process 42
2025/04/08 18:59:20 [notice] 1#1: start worker process 43
2025/04/08 18:59:20 [notice] 1#1: start worker process 44
2025/04/08 18:59:25 [error] 29#29: *1 user "admin": password mismatch, client: 172.18.0.1, server: seo.engineering, request: "HEAD /n8n/ HTTP/1.1", host: "localhost"
2025/04/08 18:59:49 [notice] 1#1: signal 3 (SIGQUIT) received, shutting down
2025/04/08 18:59:49 [notice] 29#29: gracefully shutting down
2025/04/08 18:59:49 [notice] 31#31: gracefully shutting down
2025/04/08 18:59:49 [notice] 30#30: gracefully shutting down
2025/04/08 18:59:49 [notice] 32#32: gracefully shutting down
2025/04/08 18:59:49 [notice] 34#34: gracefully shutting down
2025/04/08 18:59:49 [notice] 33#33: gracefully shutting down
2025/04/08 18:59:49 [notice] 35#35: gracefully shutting down
2025/04/08 18:59:49 [notice] 36#36: gracefully shutting down
2025/04/08 18:59:49 [notice] 31#31: exiting
2025/04/08 18:59:49 [notice] 40#40: gracefully shutting down
2025/04/08 18:59:49 [notice] 39#39: gracefully shutting down
2025/04/08 18:59:49 [notice] 30#30: exiting
2025/04/08 18:59:49 [notice] 43#43: gracefully shutting down
2025/04/08 18:59:49 [notice] 32#32: exiting
2025/04/08 18:59:49 [notice] 37#37: gracefully shutting down
2025/04/08 18:59:49 [notice] 34#34: exiting
2025/04/08 18:59:49 [notice] 33#33: exiting
2025/04/08 18:59:49 [notice] 35#35: exiting
2025/04/08 18:59:49 [notice] 36#36: exiting
2025/04/08 18:59:49 [notice] 40#40: exiting
2025/04/08 18:59:49 [notice] 44#44: gracefully shutting down
2025/04/08 18:59:49 [notice] 39#39: exiting
2025/04/08 18:59:49 [notice] 43#43: exiting
2025/04/08 18:59:49 [notice] 37#37: exiting
2025/04/08 18:59:49 [notice] 44#44: exiting
2025/04/08 18:59:49 [notice] 29#29: exiting
2025/04/08 18:59:49 [notice] 31#31: exit
2025/04/08 18:59:49 [notice] 36#36: exit
2025/04/08 18:59:49 [notice] 37#37: exit
2025/04/08 18:59:49 [notice] 40#40: exit
2025/04/08 18:59:49 [notice] 30#30: exit
2025/04/08 18:59:49 [notice] 33#33: exit
2025/04/08 18:59:49 [notice] 35#35: exit
2025/04/08 18:59:49 [notice] 32#32: exit
2025/04/08 18:59:49 [notice] 39#39: exit
2025/04/08 18:59:49 [notice] 34#34: exit
2025/04/08 18:59:49 [notice] 29#29: exit
2025/04/08 18:59:49 [notice] 44#44: exit
2025/04/08 18:59:49 [notice] 41#41: gracefully shutting down
2025/04/08 18:59:49 [notice] 38#38: gracefully shutting down
2025/04/08 18:59:49 [notice] 41#41: exiting
2025/04/08 18:59:49 [notice] 38#38: exiting
2025/04/08 18:59:49 [notice] 42#42: gracefully shutting down
2025/04/08 18:59:49 [notice] 42#42: exiting
2025/04/08 18:59:49 [notice] 43#43: exit
2025/04/08 18:59:49 [notice] 41#41: exit
2025/04/08 18:59:49 [notice] 38#38: exit
2025/04/08 18:59:49 [notice] 42#42: exit
2025/04/08 18:59:49 [notice] 1#1: signal 17 (SIGCHLD) received from 30
2025/04/08 18:59:49 [notice] 1#1: worker process 30 exited with code 0
2025/04/08 18:59:49 [notice] 1#1: worker process 37 exited with code 0
2025/04/08 18:59:49 [notice] 1#1: worker process 39 exited with code 0
2025/04/08 18:59:49 [notice] 1#1: signal 29 (SIGIO) received
2025/04/08 18:59:49 [notice] 1#1: signal 17 (SIGCHLD) received from 39
2025/04/08 18:59:49 [notice] 1#1: signal 17 (SIGCHLD) received from 44
2025/04/08 18:59:49 [notice] 1#1: worker process 29 exited with code 0
2025/04/08 18:59:49 [notice] 1#1: worker process 31 exited with code 0
2025/04/08 18:59:49 [notice] 1#1: worker process 34 exited with code 0
2025/04/08 18:59:49 [notice] 1#1: worker process 35 exited with code 0
2025/04/08 18:59:49 [notice] 1#1: worker process 41 exited with code 0
2025/04/08 18:59:49 [notice] 1#1: worker process 44 exited with code 0
2025/04/08 18:59:49 [notice] 1#1: signal 29 (SIGIO) received
2025/04/08 18:59:49 [notice] 1#1: signal 17 (SIGCHLD) received from 35
2025/04/08 18:59:49 [notice] 1#1: signal 17 (SIGCHLD) received from 33
2025/04/08 18:59:49 [notice] 1#1: worker process 33 exited with code 0
2025/04/08 18:59:49 [notice] 1#1: worker process 43 exited with code 0
2025/04/08 18:59:49 [notice] 1#1: signal 29 (SIGIO) received
2025/04/08 18:59:49 [notice] 1#1: signal 17 (SIGCHLD) received from 42
2025/04/08 18:59:49 [notice] 1#1: worker process 38 exited with code 0
2025/04/08 18:59:49 [notice] 1#1: worker process 36 exited with code 0
2025/04/08 18:59:49 [notice] 1#1: worker process 40 exited with code 0
2025/04/08 18:59:49 [notice] 1#1: worker process 42 exited with code 0
2025/04/08 18:59:49 [notice] 1#1: signal 29 (SIGIO) received
2025/04/08 18:59:49 [notice] 1#1: signal 17 (SIGCHLD) received from 36
2025/04/08 18:59:49 [notice] 1#1: signal 17 (SIGCHLD) received from 32
2025/04/08 18:59:49 [notice] 1#1: worker process 32 exited with code 0
2025/04/08 18:59:49 [notice] 1#1: exit
2025/04/08 18:59:49 [notice] 1#1: using the "epoll" event method
2025/04/08 18:59:49 [notice] 1#1: nginx/1.27.4
2025/04/08 18:59:49 [notice] 1#1: built by gcc 14.2.0 (Alpine 14.2.0) 
2025/04/08 18:59:49 [notice] 1#1: OS: Linux 6.8.0-57-generic
2025/04/08 18:59:49 [notice] 1#1: getrlimit(RLIMIT_NOFILE): 1048576:1048576
2025/04/08 18:59:49 [notice] 1#1: start worker processes
2025/04/08 18:59:49 [notice] 1#1: start worker process 29
2025/04/08 18:59:49 [notice] 1#1: start worker process 30
2025/04/08 18:59:49 [notice] 1#1: start worker process 31
2025/04/08 18:59:49 [notice] 1#1: start worker process 32
2025/04/08 18:59:49 [notice] 1#1: start worker process 33
2025/04/08 18:59:49 [notice] 1#1: start worker process 34
2025/04/08 18:59:49 [notice] 1#1: start worker process 35
2025/04/08 18:59:49 [notice] 1#1: start worker process 36
2025/04/08 18:59:49 [notice] 1#1: start worker process 37
2025/04/08 18:59:49 [notice] 1#1: start worker process 38
2025/04/08 18:59:49 [notice] 1#1: start worker process 39
2025/04/08 18:59:49 [notice] 1#1: start worker process 40
2025/04/08 18:59:49 [notice] 1#1: start worker process 41
2025/04/08 18:59:49 [notice] 1#1: start worker process 42
2025/04/08 18:59:49 [notice] 1#1: start worker process 43
2025/04/08 18:59:49 [notice] 1#1: start worker process 44
